Using pre-set license
Built from '2020.3/staging' branch; Version is '2020.3.0f1 (c7b5465681fb) revision 13088070'; Using compiler version '192528614'; Build Type 'Release'
OS: 'Windows 10 Pro; OS build 19043.1110; Version 2009; 64bit' Language: 'en' Physical Memory: 32609 MB
BatchMode: 1, IsHumanControllingUs: 0, StartBugReporterOnCrash: 0, Is64bit: 1, IsPro: 0

 COMMAND LINE ARGUMENTS:
C:\Program Files\Unity\Hub\Editor\2020.3.0f1\Editor\Unity.exe
-adb2
-batchMode
-noUpm
-name
AssetImportWorker0
-projectPath
D:/UnityLibrary/phezu/Project/Farm-Sim/The Last Planter
-logFile
Logs/AssetImportWorker0.log
-srvPort
55021
Successfully changed project path to: D:/UnityLibrary/phezu/Project/Farm-Sim/The Last Planter
D:/UnityLibrary/phezu/Project/Farm-Sim/The Last Planter
Using Asset Import Pipeline V2.
Refreshing native plugins compatible for Editor in 20.62 ms, found 0 plugins.
Preloading 0 native plugins for Editor in 0.00 ms.
Initialize engine version: 2020.3.0f1 (c7b5465681fb)
[Subsystems] Discovering subsystems at path C:/Program Files/Unity/Hub/Editor/2020.3.0f1/Editor/Data/Resources/UnitySubsystems
[Subsystems] Discovering subsystems at path D:/UnityLibrary/phezu/Project/Farm-Sim/The Last Planter/Assets
GfxDevice: creating device client; threaded=0
Direct3D:
    Version:  Direct3D 11.0 [level 11.1]
    Renderer: NVIDIA GeForce RTX 2070 with Max-Q Design (ID=0x1f10)
    Vendor:   
    VRAM:     8031 MB
    Driver:   27.21.14.6089
Initialize mono
Mono path[0] = 'C:/Program Files/Unity/Hub/Editor/2020.3.0f1/Editor/Data/Managed'
Mono path[1] = 'C:/Program Files/Unity/Hub/Editor/2020.3.0f1/Editor/Data/MonoBleedingEdge/lib/mono/unityjit'
Mono config path = 'C:/Program Files/Unity/Hub/Editor/2020.3.0f1/Editor/Data/MonoBleedingEdge/etc'
Using monoOptions --debugger-agent=transport=dt_socket,embedding=1,server=y,suspend=n,address=127.0.0.1:56568
Begin MonoManager ReloadAssembly
Registering precompiled unity dll's ...
Register platform support module: C:/Program Files/Unity/Hub/Editor/2020.3.0f1/Editor/Data/PlaybackEngines/WindowsStandaloneSupport/UnityEditor.WindowsStandalone.Extensions.dll
Registered in 0.002378 seconds.
Native extension for WindowsStandalone target not found
Refreshing native plugins compatible for Editor in 23.02 ms, found 0 plugins.
Preloading 0 native plugins for Editor in 0.00 ms.
Invoked RoslynAnalysisRunner static constructor.
RoslynAnalysisRunner will not be running.
RoslynAnalysisRunner has terminated.
Mono: successfully reloaded assembly
- Completed reload, in  1.008 seconds
Platform modules already initialized, skipping
Registering precompiled user dll's ...
Registered in 0.000454 seconds.
Begin MonoManager ReloadAssembly
Native extension for WindowsStandalone target not found
Refreshing native plugins compatible for Editor in 0.22 ms, found 0 plugins.
Preloading 0 native plugins for Editor in 0.00 ms.
Invoked RoslynAnalysisRunner static constructor.
RoslynAnalysisRunner will not be running.
RoslynAnalysisRunner has terminated.
Mono: successfully reloaded assembly
- Completed reload, in  0.773 seconds
Platform modules already initialized, skipping
========================================================================
Worker process is ready to serve import requests
Launched and connected shader compiler UnityShaderCompiler.exe after 0.05 seconds
Refreshing native plugins compatible for Editor in 0.18 ms, found 0 plugins.
Preloading 0 native plugins for Editor in 0.00 ms.
Unloading 1154 Unused Serialized files (Serialized files now loaded: 0)
System memory in use before: 58.2 MB.
System memory in use after: 58.2 MB.

Unloading 14 unused Assets to reduce memory usage. Loaded Objects now: 1600.
Total: 1.497700 ms (FindLiveObjects: 0.131600 ms CreateObjectMapping: 0.039100 ms MarkObjects: 1.258200 ms  DeleteObjects: 0.068000 ms)

========================================================================
Received Import Request.
  path: Assets/Scripts/Plant.cs
  artifactKey: Guid(06f44ae4e9278f04ea101f07cb87285e) Importer(815301076,1909f56bfc062723c751e8b465ee728b)
Start importing Assets/Scripts/Plant.cs using Guid(06f44ae4e9278f04ea101f07cb87285e) Importer(815301076,1909f56bfc062723c751e8b465ee728b)  -> (artifact id: 'c32d341d7aea205e0f016797ebd629f9') in 0.018640 seconds
  Import took 0.020269 seconds .

========================================================================
Received Import Request.
  Time since last request: 320.198358 seconds.
  path: Assets/Scripts/Plant.cs
  artifactKey: Guid(06f44ae4e9278f04ea101f07cb87285e) Importer(815301076,1909f56bfc062723c751e8b465ee728b)
Start importing Assets/Scripts/Plant.cs using Guid(06f44ae4e9278f04ea101f07cb87285e) Importer(815301076,1909f56bfc062723c751e8b465ee728b)  -> (artifact id: 'a2d33b9c2a7cef34ece9e26711f24c11') in 0.001430 seconds
  Import took 0.003399 seconds .

========================================================================
Received Import Request.
  Time since last request: 58.624274 seconds.
  path: Assets/Scripts/Plant.cs
  artifactKey: Guid(06f44ae4e9278f04ea101f07cb87285e) Importer(815301076,1909f56bfc062723c751e8b465ee728b)
Start importing Assets/Scripts/Plant.cs using Guid(06f44ae4e9278f04ea101f07cb87285e) Importer(815301076,1909f56bfc062723c751e8b465ee728b)  -> (artifact id: '94125212e81f8b67a63b31be5ae43f68') in 0.001335 seconds
  Import took 0.003021 seconds .

========================================================================
Received Import Request.
  Time since last request: 129.461759 seconds.
  path: Assets/Scripts/Plant.cs
  artifactKey: Guid(06f44ae4e9278f04ea101f07cb87285e) Importer(815301076,1909f56bfc062723c751e8b465ee728b)
Start importing Assets/Scripts/Plant.cs using Guid(06f44ae4e9278f04ea101f07cb87285e) Importer(815301076,1909f56bfc062723c751e8b465ee728b)  -> (artifact id: 'e37c6c89d5dcf8ec98d21bddfca696b7') in 0.001310 seconds
  Import took 0.003346 seconds .

========================================================================
Received Import Request.
  Time since last request: 2010.140782 seconds.
  path: Assets/Scripts/Plant.cs
  artifactKey: Guid(06f44ae4e9278f04ea101f07cb87285e) Importer(815301076,1909f56bfc062723c751e8b465ee728b)
Start importing Assets/Scripts/Plant.cs using Guid(06f44ae4e9278f04ea101f07cb87285e) Importer(815301076,1909f56bfc062723c751e8b465ee728b)  -> (artifact id: 'da9e6ebddb40e98d994062e83f47379f') in 0.002542 seconds
  Import took 0.006414 seconds .

========================================================================
Received Import Request.
  Time since last request: 66.783157 seconds.
  path: Assets/Scripts/Plant.cs
  artifactKey: Guid(06f44ae4e9278f04ea101f07cb87285e) Importer(815301076,1909f56bfc062723c751e8b465ee728b)
Start importing Assets/Scripts/Plant.cs using Guid(06f44ae4e9278f04ea101f07cb87285e) Importer(815301076,1909f56bfc062723c751e8b465ee728b)  -> (artifact id: 'd1807b9f5dfab0bb79f841eab845fa97') in 0.001621 seconds
  Import took 0.003976 seconds .

========================================================================
Received Import Request.
  Time since last request: 0.024411 seconds.
  path: Assets/Scripts/Plant.cs
  artifactKey: Guid(06f44ae4e9278f04ea101f07cb87285e) Importer(815301076,1909f56bfc062723c751e8b465ee728b)
Start importing Assets/Scripts/Plant.cs using Guid(06f44ae4e9278f04ea101f07cb87285e) Importer(815301076,1909f56bfc062723c751e8b465ee728b)  -> (artifact id: 'd1807b9f5dfab0bb79f841eab845fa97') in 0.001181 seconds
  Import took 0.002846 seconds .

========================================================================
Received Import Request.
  Time since last request: 96.717943 seconds.
  path: Assets/Scripts/Plant.cs
  artifactKey: Guid(06f44ae4e9278f04ea101f07cb87285e) Importer(815301076,1909f56bfc062723c751e8b465ee728b)
Start importing Assets/Scripts/Plant.cs using Guid(06f44ae4e9278f04ea101f07cb87285e) Importer(815301076,1909f56bfc062723c751e8b465ee728b)  -> (artifact id: '88680d3d57b623aeaff3cd0a0539405a') in 0.001285 seconds
  Import took 0.002964 seconds .

========================================================================
Received Import Request.
  Time since last request: 135.101279 seconds.
  path: Assets/Scripts/Plant.cs
  artifactKey: Guid(06f44ae4e9278f04ea101f07cb87285e) Importer(815301076,1909f56bfc062723c751e8b465ee728b)
Start importing Assets/Scripts/Plant.cs using Guid(06f44ae4e9278f04ea101f07cb87285e) Importer(815301076,1909f56bfc062723c751e8b465ee728b)  -> (artifact id: '86708941130dca6341320750e0e90e85') in 0.001321 seconds
  Import took 0.003308 seconds .

========================================================================
Received Import Request.
  Time since last request: 9.858303 seconds.
  path: Assets/Scripts/Plant.cs
  artifactKey: Guid(06f44ae4e9278f04ea101f07cb87285e) Importer(815301076,1909f56bfc062723c751e8b465ee728b)
Start importing Assets/Scripts/Plant.cs using Guid(06f44ae4e9278f04ea101f07cb87285e) Importer(815301076,1909f56bfc062723c751e8b465ee728b)  -> (artifact id: '98b42068c66e1bf1185c57bead892283') in 0.001215 seconds
  Import took 0.003232 seconds .

========================================================================
Received Import Request.
  Time since last request: 429.272262 seconds.
  path: Assets/Scripts/Plant.cs
  artifactKey: Guid(06f44ae4e9278f04ea101f07cb87285e) Importer(815301076,1909f56bfc062723c751e8b465ee728b)
Start importing Assets/Scripts/Plant.cs using Guid(06f44ae4e9278f04ea101f07cb87285e) Importer(815301076,1909f56bfc062723c751e8b465ee728b)  -> (artifact id: 'd718749d7d69e30576447297cb07295f') in 0.001198 seconds
  Import took 0.002853 seconds .

========================================================================
Received Import Request.
  Time since last request: 686.290585 seconds.
  path: Assets/Scripts/Plant.cs
  artifactKey: Guid(06f44ae4e9278f04ea101f07cb87285e) Importer(815301076,1909f56bfc062723c751e8b465ee728b)
Start importing Assets/Scripts/Plant.cs using Guid(06f44ae4e9278f04ea101f07cb87285e) Importer(815301076,1909f56bfc062723c751e8b465ee728b)  -> (artifact id: '6dbc59b9c52986d8199cc5b8824a4fd5') in 0.001389 seconds
  Import took 0.003395 seconds .

========================================================================
Received Import Request.
  Time since last request: 20.792453 seconds.
  path: Assets/Scripts/Plant.cs
  artifactKey: Guid(06f44ae4e9278f04ea101f07cb87285e) Importer(815301076,1909f56bfc062723c751e8b465ee728b)
Start importing Assets/Scripts/Plant.cs using Guid(06f44ae4e9278f04ea101f07cb87285e) Importer(815301076,1909f56bfc062723c751e8b465ee728b)  -> (artifact id: '87fea8e2b2633c58f66ea22eb3838b2a') in 0.001190 seconds
  Import took 0.002893 seconds .

========================================================================
Received Import Request.
  Time since last request: 482.042660 seconds.
  path: Assets/Scripts/Plant.cs
  artifactKey: Guid(06f44ae4e9278f04ea101f07cb87285e) Importer(815301076,1909f56bfc062723c751e8b465ee728b)
Start importing Assets/Scripts/Plant.cs using Guid(06f44ae4e9278f04ea101f07cb87285e) Importer(815301076,1909f56bfc062723c751e8b465ee728b)  -> (artifact id: 'd1095fbe8f11b637600ded8b3103325b') in 0.001439 seconds
  Import took 0.003424 seconds .

========================================================================
Received Import Request.
  Time since last request: 510.203668 seconds.
  path: Assets/Scripts/Attack.cs
  artifactKey: Guid(452c3f9a09e7b7d49a85ecd9de6dbf60) Importer(815301076,1909f56bfc062723c751e8b465ee728b)
Start importing Assets/Scripts/Attack.cs using Guid(452c3f9a09e7b7d49a85ecd9de6dbf60) Importer(815301076,1909f56bfc062723c751e8b465ee728b)  -> (artifact id: '81a946a9f40015a59f3903c3de35bf7b') in 0.001640 seconds
  Import took 0.003733 seconds .

========================================================================
Received Import Request.
  Time since last request: 5.951698 seconds.
  path: Assets/Scripts/Defend.cs
  artifactKey: Guid(57c9fb8fc6298884291fd7a2d4535127) Importer(815301076,1909f56bfc062723c751e8b465ee728b)
Start importing Assets/Scripts/Defend.cs using Guid(57c9fb8fc6298884291fd7a2d4535127) Importer(815301076,1909f56bfc062723c751e8b465ee728b)  -> (artifact id: 'c3289273d0e7ec5ba825a65a5781e555') in 0.001190 seconds
  Import took 0.002950 seconds .

========================================================================
Received Prepare
Registering precompiled user dll's ...
Registered in 0.000439 seconds.
Begin MonoManager ReloadAssembly
Native extension for WindowsStandalone target not found
Refreshing native plugins compatible for Editor in 0.20 ms, found 0 plugins.
Preloading 0 native plugins for Editor in 0.00 ms.
Invoked RoslynAnalysisRunner static constructor.
RoslynAnalysisRunner will not be running.
RoslynAnalysisRunner has terminated.
Mono: successfully reloaded assembly
- Completed reload, in  0.811 seconds
Platform modules already initialized, skipping
Refreshing native plugins compatible for Editor in 0.18 ms, found 0 plugins.
Preloading 0 native plugins for Editor in 0.00 ms.
Unloading 1151 Unused Serialized files (Serialized files now loaded: 0)
System memory in use before: 58.2 MB.
System memory in use after: 58.3 MB.

Unloading 5 unused Assets to reduce memory usage. Loaded Objects now: 1605.
Total: 1.685500 ms (FindLiveObjects: 0.145600 ms CreateObjectMapping: 0.037600 ms MarkObjects: 1.448900 ms  DeleteObjects: 0.052600 ms)

========================================================================
Received Prepare
Registering precompiled user dll's ...
Registered in 0.000582 seconds.
Begin MonoManager ReloadAssembly
Native extension for WindowsStandalone target not found
Refreshing native plugins compatible for Editor in 0.47 ms, found 0 plugins.
Preloading 0 native plugins for Editor in 0.00 ms.
Invoked RoslynAnalysisRunner static constructor.
RoslynAnalysisRunner will not be running.
RoslynAnalysisRunner has terminated.
Mono: successfully reloaded assembly
- Completed reload, in  1.326 seconds
Platform modules already initialized, skipping
Refreshing native plugins compatible for Editor in 0.26 ms, found 0 plugins.
Preloading 0 native plugins for Editor in 0.00 ms.
Unloading 1151 Unused Serialized files (Serialized files now loaded: 0)
System memory in use before: 58.2 MB.
System memory in use after: 58.3 MB.

Unloading 5 unused Assets to reduce memory usage. Loaded Objects now: 1608.
Total: 3.224300 ms (FindLiveObjects: 0.232600 ms CreateObjectMapping: 0.072200 ms MarkObjects: 2.825500 ms  DeleteObjects: 0.091600 ms)

========================================================================
Received Import Request.
  Time since last request: 83.338281 seconds.
  path: Assets/Scripts/Attack.cs
  artifactKey: Guid(452c3f9a09e7b7d49a85ecd9de6dbf60) Importer(815301076,1909f56bfc062723c751e8b465ee728b)
Start importing Assets/Scripts/Attack.cs using Guid(452c3f9a09e7b7d49a85ecd9de6dbf60) Importer(815301076,1909f56bfc062723c751e8b465ee728b)  -> (artifact id: '06332068c7714ed046ab36ebbbb7cd80') in 0.003723 seconds
  Import took 0.005606 seconds .

========================================================================
Received Prepare
Registering precompiled user dll's ...
Registered in 0.000402 seconds.
Begin MonoManager ReloadAssembly
Native extension for WindowsStandalone target not found
Refreshing native plugins compatible for Editor in 0.19 ms, found 0 plugins.
Preloading 0 native plugins for Editor in 0.00 ms.
Invoked RoslynAnalysisRunner static constructor.
RoslynAnalysisRunner will not be running.
RoslynAnalysisRunner has terminated.
Mono: successfully reloaded assembly
- Completed reload, in  0.734 seconds
Platform modules already initialized, skipping
Refreshing native plugins compatible for Editor in 0.18 ms, found 0 plugins.
Preloading 0 native plugins for Editor in 0.00 ms.
Unloading 1151 Unused Serialized files (Serialized files now loaded: 0)
System memory in use before: 58.2 MB.
System memory in use after: 58.3 MB.

Unloading 5 unused Assets to reduce memory usage. Loaded Objects now: 1611.
Total: 1.772800 ms (FindLiveObjects: 0.186900 ms CreateObjectMapping: 0.046200 ms MarkObjects: 1.481600 ms  DeleteObjects: 0.056100 ms)

========================================================================
Received Import Request.
  Time since last request: 1642.199862 seconds.
  path: Assets/Scripts/Attack.cs
  artifactKey: Guid(452c3f9a09e7b7d49a85ecd9de6dbf60) Importer(815301076,1909f56bfc062723c751e8b465ee728b)
Start importing Assets/Scripts/Attack.cs using Guid(452c3f9a09e7b7d49a85ecd9de6dbf60) Importer(815301076,1909f56bfc062723c751e8b465ee728b)  -> (artifact id: 'e89dda818fd8a9188acf3e7ef245cffb') in 0.002815 seconds
  Import took 0.004519 seconds .

========================================================================
Received Import Request.
  Time since last request: 20.939241 seconds.
  path: Assets/Scripts/Pot.cs
  artifactKey: Guid(4c2fb58be494b0241ba2c7833eae353f) Importer(815301076,1909f56bfc062723c751e8b465ee728b)
Start importing Assets/Scripts/Pot.cs using Guid(4c2fb58be494b0241ba2c7833eae353f) Importer(815301076,1909f56bfc062723c751e8b465ee728b)  -> (artifact id: '83d80c3750082d47ab8f8199395f0afe') in 0.001356 seconds
  Import took 0.003408 seconds .

========================================================================
Received Prepare
Registering precompiled user dll's ...
Registered in 0.000418 seconds.
Begin MonoManager ReloadAssembly
Native extension for WindowsStandalone target not found
Refreshing native plugins compatible for Editor in 0.20 ms, found 0 plugins.
Preloading 0 native plugins for Editor in 0.00 ms.
Invoked RoslynAnalysisRunner static constructor.
RoslynAnalysisRunner will not be running.
RoslynAnalysisRunner has terminated.
Mono: successfully reloaded assembly
- Completed reload, in  0.752 seconds
Platform modules already initialized, skipping
Refreshing native plugins compatible for Editor in 0.21 ms, found 0 plugins.
Preloading 0 native plugins for Editor in 0.00 ms.
Unloading 1152 Unused Serialized files (Serialized files now loaded: 0)
System memory in use before: 58.3 MB.
System memory in use after: 58.3 MB.

Unloading 5 unused Assets to reduce memory usage. Loaded Objects now: 1615.
Total: 1.697600 ms (FindLiveObjects: 0.132500 ms CreateObjectMapping: 0.036900 ms MarkObjects: 1.479700 ms  DeleteObjects: 0.047700 ms)

========================================================================
Received Prepare
Registering precompiled user dll's ...
Registered in 0.000522 seconds.
Begin MonoManager ReloadAssembly
Native extension for WindowsStandalone target not found
Refreshing native plugins compatible for Editor in 0.20 ms, found 0 plugins.
Preloading 0 native plugins for Editor in 0.00 ms.
Invoked RoslynAnalysisRunner static constructor.
RoslynAnalysisRunner will not be running.
RoslynAnalysisRunner has terminated.
Mono: successfully reloaded assembly
- Completed reload, in  0.743 seconds
Platform modules already initialized, skipping
Refreshing native plugins compatible for Editor in 0.18 ms, found 0 plugins.
Preloading 0 native plugins for Editor in 0.00 ms.
Unloading 1152 Unused Serialized files (Serialized files now loaded: 0)
System memory in use before: 58.3 MB.
System memory in use after: 58.3 MB.

Unloading 5 unused Assets to reduce memory usage. Loaded Objects now: 1618.
Total: 2.078100 ms (FindLiveObjects: 0.132600 ms CreateObjectMapping: 0.036700 ms MarkObjects: 1.818300 ms  DeleteObjects: 0.088900 ms)

========================================================================
Received Prepare
Registering precompiled user dll's ...
Registered in 0.000448 seconds.
Begin MonoManager ReloadAssembly
Native extension for WindowsStandalone target not found
Refreshing native plugins compatible for Editor in 0.19 ms, found 0 plugins.
Preloading 0 native plugins for Editor in 0.00 ms.
Invoked RoslynAnalysisRunner static constructor.
RoslynAnalysisRunner will not be running.
RoslynAnalysisRunner has terminated.
Mono: successfully reloaded assembly
- Completed reload, in  0.704 seconds
Platform modules already initialized, skipping
Refreshing native plugins compatible for Editor in 0.19 ms, found 0 plugins.
Preloading 0 native plugins for Editor in 0.00 ms.
Unloading 1152 Unused Serialized files (Serialized files now loaded: 0)
System memory in use before: 58.3 MB.
System memory in use after: 58.4 MB.

Unloading 5 unused Assets to reduce memory usage. Loaded Objects now: 1621.
Total: 1.726500 ms (FindLiveObjects: 0.171500 ms CreateObjectMapping: 0.037000 ms MarkObjects: 1.423500 ms  DeleteObjects: 0.093000 ms)

========================================================================
Received Import Request.
  Time since last request: 6125.833444 seconds.
  path: Assets/Scripts/Pot.cs
  artifactKey: Guid(4c2fb58be494b0241ba2c7833eae353f) Importer(815301076,1909f56bfc062723c751e8b465ee728b)
Start importing Assets/Scripts/Pot.cs using Guid(4c2fb58be494b0241ba2c7833eae353f) Importer(815301076,1909f56bfc062723c751e8b465ee728b)  -> (artifact id: '76a34ab0322f06a33e2805284afbc6ee') in 0.002833 seconds
  Import took 0.004630 seconds .

========================================================================
Received Prepare
Registering precompiled user dll's ...
Registered in 0.000466 seconds.
Begin MonoManager ReloadAssembly
Native extension for WindowsStandalone target not found
Refreshing native plugins compatible for Editor in 0.19 ms, found 0 plugins.
Preloading 0 native plugins for Editor in 0.00 ms.
Invoked RoslynAnalysisRunner static constructor.
RoslynAnalysisRunner will not be running.
RoslynAnalysisRunner has terminated.
Mono: successfully reloaded assembly
- Completed reload, in  0.697 seconds
Platform modules already initialized, skipping
Refreshing native plugins compatible for Editor in 0.18 ms, found 0 plugins.
Preloading 0 native plugins for Editor in 0.00 ms.
Unloading 1152 Unused Serialized files (Serialized files now loaded: 0)
System memory in use before: 58.3 MB.
System memory in use after: 58.4 MB.

Unloading 5 unused Assets to reduce memory usage. Loaded Objects now: 1624.
Total: 1.707200 ms (FindLiveObjects: 0.170900 ms CreateObjectMapping: 0.047100 ms MarkObjects: 1.395100 ms  DeleteObjects: 0.093000 ms)

AssetImportWorkerClient::OnTransportError - code=2 error=End of file
