Using pre-set license
Built from '2020.3/staging' branch; Version is '2020.3.0f1 (c7b5465681fb) revision 13088070'; Using compiler version '192528614'; Build Type 'Release'
OS: 'Windows 10 Pro; OS build 19043.1165; Version 2009; 64bit' Language: 'en' Physical Memory: 32609 MB
BatchMode: 1, IsHumanControllingUs: 0, StartBugReporterOnCrash: 0, Is64bit: 1, IsPro: 0

 COMMAND LINE ARGUMENTS:
C:\Program Files\Unity\Hub\Editor\2020.3.0f1\Editor\Unity.exe
-adb2
-batchMode
-noUpm
-name
AssetImportWorker0
-projectPath
D:/UnityLibrary/phezu/Project/Farm-Sim/The Last Planter
-logFile
Logs/AssetImportWorker0.log
-srvPort
61900
Successfully changed project path to: D:/UnityLibrary/phezu/Project/Farm-Sim/The Last Planter
D:/UnityLibrary/phezu/Project/Farm-Sim/The Last Planter
Using Asset Import Pipeline V2.
Refreshing native plugins compatible for Editor in 51.61 ms, found 0 plugins.
Preloading 0 native plugins for Editor in 0.00 ms.
Initialize engine version: 2020.3.0f1 (c7b5465681fb)
[Subsystems] Discovering subsystems at path C:/Program Files/Unity/Hub/Editor/2020.3.0f1/Editor/Data/Resources/UnitySubsystems
[Subsystems] Discovering subsystems at path D:/UnityLibrary/phezu/Project/Farm-Sim/The Last Planter/Assets
GfxDevice: creating device client; threaded=0
Direct3D:
    Version:  Direct3D 11.0 [level 11.1]
    Renderer: NVIDIA GeForce RTX 2070 with Max-Q Design (ID=0x1f10)
    Vendor:   
    VRAM:     8031 MB
    Driver:   27.21.14.6089
Shader 'Universal Render Pipeline/Particles/Lit': fallback shader 'Universal Render Pipeline/Particles/SimpleLit' not found
Initialize mono
Mono path[0] = 'C:/Program Files/Unity/Hub/Editor/2020.3.0f1/Editor/Data/Managed'
Mono path[1] = 'C:/Program Files/Unity/Hub/Editor/2020.3.0f1/Editor/Data/MonoBleedingEdge/lib/mono/unityjit'
Mono config path = 'C:/Program Files/Unity/Hub/Editor/2020.3.0f1/Editor/Data/MonoBleedingEdge/etc'
Using monoOptions --debugger-agent=transport=dt_socket,embedding=1,server=y,suspend=n,address=127.0.0.1:56100
Begin MonoManager ReloadAssembly
Registering precompiled unity dll's ...
Register platform support module: C:/Program Files/Unity/Hub/Editor/2020.3.0f1/Editor/Data/PlaybackEngines/WindowsStandaloneSupport/UnityEditor.WindowsStandalone.Extensions.dll
Registered in 0.002425 seconds.
Native extension for WindowsStandalone target not found
Refreshing native plugins compatible for Editor in 48.37 ms, found 0 plugins.
Preloading 0 native plugins for Editor in 0.00 ms.
Invoked RoslynAnalysisRunner static constructor.
RoslynAnalysisRunner will not be running.
RoslynAnalysisRunner has terminated.
Mono: successfully reloaded assembly
- Completed reload, in  1.062 seconds
Platform modules already initialized, skipping
Registering precompiled user dll's ...
Registered in 0.001033 seconds.
Begin MonoManager ReloadAssembly
Native extension for WindowsStandalone target not found
Refreshing native plugins compatible for Editor in 64.02 ms, found 0 plugins.
Preloading 0 native plugins for Editor in 0.00 ms.
Invoked RoslynAnalysisRunner static constructor.
RoslynAnalysisRunner will not be running.
RoslynAnalysisRunner has terminated.
Mono: successfully reloaded assembly
- Completed reload, in  1.037 seconds
Platform modules already initialized, skipping
========================================================================
Worker process is ready to serve import requests
Shader 'Universal Render Pipeline/Particles/Lit': fallback shader 'Universal Render Pipeline/Particles/SimpleLit' not found
Launched and connected shader compiler UnityShaderCompiler.exe after 0.06 seconds
Refreshing native plugins compatible for Editor in 0.44 ms, found 0 plugins.
Preloading 0 native plugins for Editor in 0.00 ms.
Unloading 2617 Unused Serialized files (Serialized files now loaded: 0)
System memory in use before: 151.4 MB.
System memory in use after: 150.5 MB.

Unloading 22 unused Assets to reduce memory usage. Loaded Objects now: 3088.
Total: 2.868000 ms (FindLiveObjects: 0.303800 ms CreateObjectMapping: 0.172600 ms MarkObjects: 1.931500 ms  DeleteObjects: 0.459100 ms)

========================================================================
Received Import Request.
  path: Assets/Material/myGround.mat
  artifactKey: Guid(efc1db0ac3f80ec41b1fae2326809c34) Importer(815301076,1909f56bfc062723c751e8b465ee728b)
Start importing Assets/Material/myGround.mat using Guid(efc1db0ac3f80ec41b1fae2326809c34) Importer(815301076,1909f56bfc062723c751e8b465ee728b)  -> (artifact id: 'f9cc8f59cdd7a7fc28a8abbf40961527') in 0.259695 seconds
  Import took 0.263825 seconds .

========================================================================
Received Import Request.
  Time since last request: 278.236789 seconds.
  path: Assets/Material/Water.mat
  artifactKey: Guid(10b66a4e086ff4749a8eafc9b350afb4) Importer(815301076,1909f56bfc062723c751e8b465ee728b)
Start importing Assets/Material/Water.mat using Guid(10b66a4e086ff4749a8eafc9b350afb4) Importer(815301076,1909f56bfc062723c751e8b465ee728b)  -> (artifact id: '086df8a1f99859a54ca663300dde3777') in 0.010875 seconds
  Import took 0.015236 seconds .

========================================================================
Received Import Request.
  Time since last request: 17.889022 seconds.
  path: Assets/Textures
  artifactKey: Guid(f00dfc07b48a43e40a2bb92749e89837) Importer(815301076,1909f56bfc062723c751e8b465ee728b)
Start importing Assets/Textures using Guid(f00dfc07b48a43e40a2bb92749e89837) Importer(815301076,1909f56bfc062723c751e8b465ee728b)  -> (artifact id: '30309d9f9ce67dcda07dfaf1b5039656') in 0.001451 seconds
  Import took 0.005918 seconds .

========================================================================
Received Import Request.
  Time since last request: 25.601873 seconds.
  path: Assets/Textures/water.png
  artifactKey: Guid(8e5bd4f7df4661645a441f7339f26b25) Importer(815301076,1909f56bfc062723c751e8b465ee728b)
Start importing Assets/Textures/water.png using Guid(8e5bd4f7df4661645a441f7339f26b25) Importer(815301076,1909f56bfc062723c751e8b465ee728b)  -> (artifact id: 'a50773881613075d72431469ed0a9477') in 0.029181 seconds
  Import took 0.033472 seconds .

========================================================================
Received Import Request.
  Time since last request: 61.015081 seconds.
  path: Assets/Textures/water.png
  artifactKey: Guid(8e5bd4f7df4661645a441f7339f26b25) Importer(815301076,1909f56bfc062723c751e8b465ee728b)
Start importing Assets/Textures/water.png using Guid(8e5bd4f7df4661645a441f7339f26b25) Importer(815301076,1909f56bfc062723c751e8b465ee728b)  -> (artifact id: '2a0e53dd3eca1ea57d738efe9abb61b9') in 0.039419 seconds
  Import took 0.043273 seconds .

========================================================================
Received Import Request.
  Time since last request: 30.385274 seconds.
  path: Assets/Umer/Standard Assets/Effects/ImageEffects/Textures/SphereShape.psd
  artifactKey: Guid(fc00ec05a89da4ff695a4273715cd5ce) Importer(815301076,1909f56bfc062723c751e8b465ee728b)
Start importing Assets/Umer/Standard Assets/Effects/ImageEffects/Textures/SphereShape.psd using Guid(fc00ec05a89da4ff695a4273715cd5ce) Importer(815301076,1909f56bfc062723c751e8b465ee728b)  -> (artifact id: 'f47f574d5b36ed4b411d4421833bbb2c') in 0.013382 seconds
  Import took 0.017380 seconds .

========================================================================
Received Import Request.
  Time since last request: 0.000305 seconds.
  path: Assets/Umer/SkySerie Freebie/FreebieHdri/SunlessCirruscover4k.hdr
  artifactKey: Guid(99af420a4ccafa74abdc47436d8b0685) Importer(815301076,1909f56bfc062723c751e8b465ee728b)
Start importing Assets/Umer/SkySerie Freebie/FreebieHdri/SunlessCirruscover4k.hdr using Guid(99af420a4ccafa74abdc47436d8b0685) Importer(815301076,1909f56bfc062723c751e8b465ee728b)  -> (artifact id: '396d09039bfbda9c7337ab5634626823') in 0.072245 seconds
  Import took 0.077604 seconds .

========================================================================
Received Import Request.
  Time since last request: 0.000367 seconds.
  path: Assets/Umer/Extreme Home Furniture/Textures/T_Home_Garden_Guitar.tga
  artifactKey: Guid(9005cc3b9cdeab148b13c62b64d20df8) Importer(815301076,1909f56bfc062723c751e8b465ee728b)
Start importing Assets/Umer/Extreme Home Furniture/Textures/T_Home_Garden_Guitar.tga using Guid(9005cc3b9cdeab148b13c62b64d20df8) Importer(815301076,1909f56bfc062723c751e8b465ee728b)  -> (artifact id: '25319ce1eae959255c3b5910d7f50020') in 0.011121 seconds
  Import took 0.014893 seconds .

========================================================================
Received Import Request.
  Time since last request: 0.000285 seconds.
  path: Assets/Umer/Extreme Home Furniture/Textures/T_Home_Garden_Couch06_NML.tga
  artifactKey: Guid(600fce5abada4e94aa5647bd042d5a2e) Importer(815301076,1909f56bfc062723c751e8b465ee728b)
Start importing Assets/Umer/Extreme Home Furniture/Textures/T_Home_Garden_Couch06_NML.tga using Guid(600fce5abada4e94aa5647bd042d5a2e) Importer(815301076,1909f56bfc062723c751e8b465ee728b)  -> (artifact id: 'e92c6612856611ebc87261a1080d7d2a') in 0.009749 seconds
  Import took 0.013955 seconds .

========================================================================
Received Import Request.
  Time since last request: 0.000247 seconds.
  path: Assets/Umer/Residential Buildings Pack/Source/TerrainData_648b355a-2fb9-48f8-ba3e-12793c37b6a7.asset
  artifactKey: Guid(82110a5a8da8db44897640db6477bbf5) Importer(815301076,1909f56bfc062723c751e8b465ee728b)
Start importing Assets/Umer/Residential Buildings Pack/Source/TerrainData_648b355a-2fb9-48f8-ba3e-12793c37b6a7.asset using Guid(82110a5a8da8db44897640db6477bbf5) Importer(815301076,1909f56bfc062723c751e8b465ee728b)  -> (artifact id: 'cee6780dec22989f82fe2632c679f5e7') in 0.040671 seconds
  Import took 0.045487 seconds .

========================================================================
Received Import Request.
  Time since last request: 0.000300 seconds.
  path: Assets/Umer/Residential Buildings Pack/Source/Textures/Walls2_ao.png
  artifactKey: Guid(f321714b72090b14f8a16862a25692f1) Importer(815301076,1909f56bfc062723c751e8b465ee728b)
Start importing Assets/Umer/Residential Buildings Pack/Source/Textures/Walls2_ao.png using Guid(f321714b72090b14f8a16862a25692f1) Importer(815301076,1909f56bfc062723c751e8b465ee728b)  -> (artifact id: '87e70bf87539f7f7fae9dedb0a21adc7') in 0.017051 seconds
  Import took 0.021144 seconds .

========================================================================
Received Import Request.
  Time since last request: 0.000240 seconds.
  path: Assets/Umer/NEW MODELS AND TEXTRS/Doors/Windsor_N.jpg
  artifactKey: Guid(28a6e6684827cc74d914cfd9594846d0) Importer(815301076,1909f56bfc062723c751e8b465ee728b)
Start importing Assets/Umer/NEW MODELS AND TEXTRS/Doors/Windsor_N.jpg using Guid(28a6e6684827cc74d914cfd9594846d0) Importer(815301076,1909f56bfc062723c751e8b465ee728b)  -> (artifact id: '8e591d1f0e9b8fa07cee2e13e1446bf4') in 0.007239 seconds
  Import took 0.011245 seconds .

========================================================================
Received Import Request.
  Time since last request: 0.000249 seconds.
  path: Assets/Umer/Extreme Home Furniture/Textures/T_Home_Garden_Cutlery_COL.tga
  artifactKey: Guid(8810c02618dee864da2b6335c55f8f1e) Importer(815301076,1909f56bfc062723c751e8b465ee728b)
Start importing Assets/Umer/Extreme Home Furniture/Textures/T_Home_Garden_Cutlery_COL.tga using Guid(8810c02618dee864da2b6335c55f8f1e) Importer(815301076,1909f56bfc062723c751e8b465ee728b)  -> (artifact id: 'a43b59adb3909637643a92b6e4512bbe') in 0.008856 seconds
  Import took 0.013437 seconds .

========================================================================
Received Import Request.
  Time since last request: 0.000224 seconds.
  path: Assets/Umer/Extreme Home Furniture/Textures/T_Home_Garden_cloth3_NML.tga
  artifactKey: Guid(64b56f7c2e6d3564cad26386b18c8b42) Importer(815301076,1909f56bfc062723c751e8b465ee728b)
Start importing Assets/Umer/Extreme Home Furniture/Textures/T_Home_Garden_cloth3_NML.tga using Guid(64b56f7c2e6d3564cad26386b18c8b42) Importer(815301076,1909f56bfc062723c751e8b465ee728b)  -> (artifact id: '44e5b09fd5b09ae7da851ef35714d375') in 0.006881 seconds
  Import took 0.010980 seconds .

========================================================================
Received Import Request.
  Time since last request: 0.000274 seconds.
  path: Assets/Umer/Extreme Home Furniture/Textures/T_Home_Garden_Couch06_Color.tga
  artifactKey: Guid(2995fb1be1f39894f8f19c43e5e573ed) Importer(815301076,1909f56bfc062723c751e8b465ee728b)
Start importing Assets/Umer/Extreme Home Furniture/Textures/T_Home_Garden_Couch06_Color.tga using Guid(2995fb1be1f39894f8f19c43e5e573ed) Importer(815301076,1909f56bfc062723c751e8b465ee728b)  -> (artifact id: '86864c32a74dbea7577a5af02920ce6f') in 0.006360 seconds
  Import took 0.010183 seconds .

========================================================================
Received Import Request.
  Time since last request: 0.000209 seconds.
  path: Assets/Umer/Models/stylized-wooden-table/textures/tabletop_nrm.png
  artifactKey: Guid(157347e6e499e5841a234dc0b099da2f) Importer(815301076,1909f56bfc062723c751e8b465ee728b)
Start importing Assets/Umer/Models/stylized-wooden-table/textures/tabletop_nrm.png using Guid(157347e6e499e5841a234dc0b099da2f) Importer(815301076,1909f56bfc062723c751e8b465ee728b)  -> (artifact id: '71649a6aa7515f33452b49604c7675be') in 0.013307 seconds
  Import took 0.017100 seconds .

========================================================================
Received Import Request.
  Time since last request: 0.000270 seconds.
  path: Assets/Umer/Extreme Home Furniture/Textures/T_Home_Garden_Concrete_Green.tga
  artifactKey: Guid(34922aa72c5e3d243bc3a479d4a7659b) Importer(815301076,1909f56bfc062723c751e8b465ee728b)
Start importing Assets/Umer/Extreme Home Furniture/Textures/T_Home_Garden_Concrete_Green.tga using Guid(34922aa72c5e3d243bc3a479d4a7659b) Importer(815301076,1909f56bfc062723c751e8b465ee728b)  -> (artifact id: '419d6aa3cfc36a24dcea5fc45c02dab0') in 0.008145 seconds
  Import took 0.012190 seconds .

========================================================================
Received Import Request.
  Time since last request: 0.000259 seconds.
  path: Assets/Umer/Extreme Home Furniture/Textures/T_Home_Garden_Chair_14_Color.tga
  artifactKey: Guid(8d3c3550f3802194bb76051df105bc8b) Importer(815301076,1909f56bfc062723c751e8b465ee728b)
Start importing Assets/Umer/Extreme Home Furniture/Textures/T_Home_Garden_Chair_14_Color.tga using Guid(8d3c3550f3802194bb76051df105bc8b) Importer(815301076,1909f56bfc062723c751e8b465ee728b)  -> (artifact id: '07fcfdf0b75037e6e9769e38c383d9b1') in 0.008351 seconds
  Import took 0.012334 seconds .

========================================================================
Received Import Request.
  Time since last request: 0.000266 seconds.
  path: Assets/Umer/Extreme Home Furniture/Textures/T_Home_Garden_Guitar_NML.tga
  artifactKey: Guid(09bc90af9fc03f44db27eb9551a66698) Importer(815301076,1909f56bfc062723c751e8b465ee728b)
Start importing Assets/Umer/Extreme Home Furniture/Textures/T_Home_Garden_Guitar_NML.tga using Guid(09bc90af9fc03f44db27eb9551a66698) Importer(815301076,1909f56bfc062723c751e8b465ee728b)  -> (artifact id: 'bb000dc29c28645416f1f3e08fd0a6ce') in 0.008370 seconds
  Import took 0.012892 seconds .

========================================================================
Received Import Request.
  Time since last request: 0.000228 seconds.
  path: Assets/Umer/Extreme Home Furniture/Textures/T_Home_Garden_Paintings3.tga
  artifactKey: Guid(11866b5af3f68b8479210b42cd47abbc) Importer(815301076,1909f56bfc062723c751e8b465ee728b)
Start importing Assets/Umer/Extreme Home Furniture/Textures/T_Home_Garden_Paintings3.tga using Guid(11866b5af3f68b8479210b42cd47abbc) Importer(815301076,1909f56bfc062723c751e8b465ee728b)  -> (artifact id: '94224bb2b48d7a14bf7ca09ebe22be46') in 0.006011 seconds
  Import took 0.009893 seconds .

========================================================================
Received Import Request.
  Time since last request: 0.000378 seconds.
  path: Assets/Umer/Extreme Home Furniture/Textures/T_Home_Garden_cloth3.tga
  artifactKey: Guid(20f67b3437903d3428c1976a9e48a986) Importer(815301076,1909f56bfc062723c751e8b465ee728b)
Start importing Assets/Umer/Extreme Home Furniture/Textures/T_Home_Garden_cloth3.tga using Guid(20f67b3437903d3428c1976a9e48a986) Importer(815301076,1909f56bfc062723c751e8b465ee728b)  -> (artifact id: '8bdc34cbdbb53a23f4a523ed7476ad01') in 0.006232 seconds
  Import took 0.010715 seconds .

========================================================================
Received Import Request.
  Time since last request: 0.000233 seconds.
  path: Assets/Umer/Extreme Home Furniture/Textures/T_Home_Garden_Wood2_Cubbert_COL.tga
  artifactKey: Guid(81cf461f16cc25544acc7bb73d337622) Importer(815301076,1909f56bfc062723c751e8b465ee728b)
Start importing Assets/Umer/Extreme Home Furniture/Textures/T_Home_Garden_Wood2_Cubbert_COL.tga using Guid(81cf461f16cc25544acc7bb73d337622) Importer(815301076,1909f56bfc062723c751e8b465ee728b)  -> (artifact id: '7e2c0a67822c5dff868964c347b7e987') in 0.006345 seconds
  Import took 0.011675 seconds .

========================================================================
Received Import Request.
  Time since last request: 0.000314 seconds.
  path: Assets/Umer/Standard Assets/Effects/ImageEffects/Textures/VignetteMask.png
  artifactKey: Guid(95ef4804fe0be4c999ddaa383536cde8) Importer(815301076,1909f56bfc062723c751e8b465ee728b)
Start importing Assets/Umer/Standard Assets/Effects/ImageEffects/Textures/VignetteMask.png using Guid(95ef4804fe0be4c999ddaa383536cde8) Importer(815301076,1909f56bfc062723c751e8b465ee728b)  -> (artifact id: '11a9786c782531c5de3fe51bf1fff604') in 0.008465 seconds
  Import took 0.012549 seconds .

========================================================================
Received Import Request.
  Time since last request: 0.000197 seconds.
  path: Assets/Umer/Residential Buildings Pack/Source/Textures/Walls3_albedo.png
  artifactKey: Guid(11529924c88dfda4bb8c4a47a48bc9a3) Importer(815301076,1909f56bfc062723c751e8b465ee728b)
Start importing Assets/Umer/Residential Buildings Pack/Source/Textures/Walls3_albedo.png using Guid(11529924c88dfda4bb8c4a47a48bc9a3) Importer(815301076,1909f56bfc062723c751e8b465ee728b)  -> (artifact id: '10843c31e4f6e6c0a7d747c2dccccd9b') in 0.014802 seconds
  Import took 0.018879 seconds .

========================================================================
Received Import Request.
  Time since last request: 0.000339 seconds.
  path: Assets/Umer/NEW MODELS AND TEXTRS/Doors/Windsor.jpg
  artifactKey: Guid(05a8e86ebc67208489f9bbff1180d805) Importer(815301076,1909f56bfc062723c751e8b465ee728b)
Start importing Assets/Umer/NEW MODELS AND TEXTRS/Doors/Windsor.jpg using Guid(05a8e86ebc67208489f9bbff1180d805) Importer(815301076,1909f56bfc062723c751e8b465ee728b)  -> (artifact id: 'cc3f4314c79702296bc2364e8d310ddd') in 0.005085 seconds
  Import took 0.009321 seconds .

========================================================================
Received Import Request.
  Time since last request: 0.000237 seconds.
  path: Assets/Umer/Residential Buildings Pack/Source/Textures/Walls1_normal.png
  artifactKey: Guid(c36d450cdafc5bf4d9544d9676d5440d) Importer(815301076,1909f56bfc062723c751e8b465ee728b)
Start importing Assets/Umer/Residential Buildings Pack/Source/Textures/Walls1_normal.png using Guid(c36d450cdafc5bf4d9544d9676d5440d) Importer(815301076,1909f56bfc062723c751e8b465ee728b)  -> (artifact id: '4a86221237038b5509cf3a5b3db40079') in 0.031409 seconds
  Import took 0.036100 seconds .

========================================================================
Received Import Request.
  Time since last request: 0.000218 seconds.
  path: Assets/Umer/Extreme Home Furniture/Textures/T_Home_Garden_Wood_nml.tga
  artifactKey: Guid(f1ea250bfa40ffe4ba5713cb2c7ad402) Importer(815301076,1909f56bfc062723c751e8b465ee728b)
Start importing Assets/Umer/Extreme Home Furniture/Textures/T_Home_Garden_Wood_nml.tga using Guid(f1ea250bfa40ffe4ba5713cb2c7ad402) Importer(815301076,1909f56bfc062723c751e8b465ee728b)  -> (artifact id: '8033302f76ad8ee4156a74b53dcb538a') in 0.006292 seconds
  Import took 0.010627 seconds .

========================================================================
Received Import Request.
  Time since last request: 0.000264 seconds.
  path: Assets/Umer/Models/stylized-wooden-table/textures/tableleg_nrm.png
  artifactKey: Guid(55838ded7992f3a4e8bd12d186a20815) Importer(815301076,1909f56bfc062723c751e8b465ee728b)
Start importing Assets/Umer/Models/stylized-wooden-table/textures/tableleg_nrm.png using Guid(55838ded7992f3a4e8bd12d186a20815) Importer(815301076,1909f56bfc062723c751e8b465ee728b)  -> (artifact id: '0544c7bad7430bf5623f5bd1f8e184c8') in 0.009859 seconds
  Import took 0.013949 seconds .

========================================================================
Received Import Request.
  Time since last request: 0.000194 seconds.
  path: Assets/Umer/Extreme Home Furniture/Textures/T_Home_Garden_Chair_14_NML.tga
  artifactKey: Guid(11e14546f0771db48b0442e6b79cac10) Importer(815301076,1909f56bfc062723c751e8b465ee728b)
Start importing Assets/Umer/Extreme Home Furniture/Textures/T_Home_Garden_Chair_14_NML.tga using Guid(11e14546f0771db48b0442e6b79cac10) Importer(815301076,1909f56bfc062723c751e8b465ee728b)  -> (artifact id: 'a6710276fd9e5fb16d35a57e2b38127d') in 0.005877 seconds
  Import took 0.009583 seconds .

========================================================================
Received Import Request.
  Time since last request: 0.000175 seconds.
  path: Assets/Umer/Extreme Home Furniture/Textures/T_Home_Garden_Leather_Couch.tga
  artifactKey: Guid(c76f843e32bf1ee419b2af438daa2f01) Importer(815301076,1909f56bfc062723c751e8b465ee728b)
Start importing Assets/Umer/Extreme Home Furniture/Textures/T_Home_Garden_Leather_Couch.tga using Guid(c76f843e32bf1ee419b2af438daa2f01) Importer(815301076,1909f56bfc062723c751e8b465ee728b)  -> (artifact id: '7d0426d96bd9d6e367f1c1e19aad95b7') in 0.006110 seconds
  Import took 0.010154 seconds .

========================================================================
Received Import Request.
  Time since last request: 0.000251 seconds.
  path: Assets/Umer/Residential Buildings Pack/Source/Textures/Walls1_albedo.png
  artifactKey: Guid(6e960dee5d12e9342a5a69fcad4c3ad8) Importer(815301076,1909f56bfc062723c751e8b465ee728b)
Start importing Assets/Umer/Residential Buildings Pack/Source/Textures/Walls1_albedo.png using Guid(6e960dee5d12e9342a5a69fcad4c3ad8) Importer(815301076,1909f56bfc062723c751e8b465ee728b)  -> (artifact id: 'cb873eca6964901e720243ebbb71c206') in 0.014305 seconds
  Import took 0.018331 seconds .

========================================================================
Received Import Request.
  Time since last request: 0.000212 seconds.
  path: Assets/Umer/Residential Buildings Pack/Source/Textures/Walls2_normal.png
  artifactKey: Guid(74844c703860baf4aaec8cead9fd0045) Importer(815301076,1909f56bfc062723c751e8b465ee728b)
Start importing Assets/Umer/Residential Buildings Pack/Source/Textures/Walls2_normal.png using Guid(74844c703860baf4aaec8cead9fd0045) Importer(815301076,1909f56bfc062723c751e8b465ee728b)  -> (artifact id: 'b246383ff46c5165ab47af908c1f82b2') in 0.026492 seconds
  Import took 0.031379 seconds .

========================================================================
Received Import Request.
  Time since last request: 0.000173 seconds.
  path: Assets/Umer/Extreme Home Furniture/Textures/T_Home_Garden_chain.tga
  artifactKey: Guid(e4a5131a84f110944b02d2a880fb1847) Importer(815301076,1909f56bfc062723c751e8b465ee728b)
Start importing Assets/Umer/Extreme Home Furniture/Textures/T_Home_Garden_chain.tga using Guid(e4a5131a84f110944b02d2a880fb1847) Importer(815301076,1909f56bfc062723c751e8b465ee728b)  -> (artifact id: 'b06568541a0dea210d4819d4c6ff54f5') in 0.006473 seconds
  Import took 0.010619 seconds .

========================================================================
Received Import Request.
  Time since last request: 0.000254 seconds.
  path: Assets/Umer/Residential Buildings Pack/Source/Demo_Terrain_PC.asset
  artifactKey: Guid(cfc3b11a1639cd8409279ceacfd60e5f) Importer(815301076,1909f56bfc062723c751e8b465ee728b)
Start importing Assets/Umer/Residential Buildings Pack/Source/Demo_Terrain_PC.asset using Guid(cfc3b11a1639cd8409279ceacfd60e5f) Importer(815301076,1909f56bfc062723c751e8b465ee728b)  -> (artifact id: 'db172fe8581d4bb289be7cdee9d3b265') in 0.084595 seconds
  Import took 0.088581 seconds .

========================================================================
Received Import Request.
  Time since last request: 0.000247 seconds.
  path: Assets/Umer/Residential Buildings Pack/Source/Textures/Trashcans_Albedo.tif
  artifactKey: Guid(1b59e01ff2e85cf4196ddbd1d8a0f4c0) Importer(815301076,1909f56bfc062723c751e8b465ee728b)
Start importing Assets/Umer/Residential Buildings Pack/Source/Textures/Trashcans_Albedo.tif using Guid(1b59e01ff2e85cf4196ddbd1d8a0f4c0) Importer(815301076,1909f56bfc062723c751e8b465ee728b)  -> (artifact id: 'e88f4a2c97756a0aa0c84374786f3269') in 0.030535 seconds
  Import took 0.034979 seconds .

========================================================================
Received Import Request.
  Time since last request: 0.000268 seconds.
  path: Assets/Umer/Residential Buildings Pack/Source/Textures/Trashcans_Metallic.tif
  artifactKey: Guid(659c817fff4e28c45aead0b48027200c) Importer(815301076,1909f56bfc062723c751e8b465ee728b)
Start importing Assets/Umer/Residential Buildings Pack/Source/Textures/Trashcans_Metallic.tif using Guid(659c817fff4e28c45aead0b48027200c) Importer(815301076,1909f56bfc062723c751e8b465ee728b)  -> (artifact id: '6385a029235fba15414114560f7f233a') in 0.026560 seconds
  Import took 0.030423 seconds .

========================================================================
Received Import Request.
  Time since last request: 0.000328 seconds.
  path: Assets/Umer/Residential Buildings Pack/Source/Textures/Walls1_ao.png
  artifactKey: Guid(3e8dbee079a69134e92b3f8c19b8850f) Importer(815301076,1909f56bfc062723c751e8b465ee728b)
Start importing Assets/Umer/Residential Buildings Pack/Source/Textures/Walls1_ao.png using Guid(3e8dbee079a69134e92b3f8c19b8850f) Importer(815301076,1909f56bfc062723c751e8b465ee728b)  -> (artifact id: '9714debeae61b0318f140443e2fc78bb') in 0.010526 seconds
  Import took 0.014203 seconds .

========================================================================
Received Import Request.
  Time since last request: 0.000278 seconds.
  path: Assets/Umer/Residential Buildings Pack/Source/Textures/Walls2_albedo.png
  artifactKey: Guid(469b965b719f05441a6b232b5793cd68) Importer(815301076,1909f56bfc062723c751e8b465ee728b)
Start importing Assets/Umer/Residential Buildings Pack/Source/Textures/Walls2_albedo.png using Guid(469b965b719f05441a6b232b5793cd68) Importer(815301076,1909f56bfc062723c751e8b465ee728b)  -> (artifact id: '4827f51930dc932448fe5abf0976b682') in 0.014243 seconds
  Import took 0.017818 seconds .

========================================================================
Received Import Request.
  Time since last request: 0.000317 seconds.
  path: Assets/Umer/Residential Buildings Pack/Source/Textures/Trashcans_NRM.png
  artifactKey: Guid(5f70de637f576994bb8559f8a0dcae8a) Importer(815301076,1909f56bfc062723c751e8b465ee728b)
Start importing Assets/Umer/Residential Buildings Pack/Source/Textures/Trashcans_NRM.png using Guid(5f70de637f576994bb8559f8a0dcae8a) Importer(815301076,1909f56bfc062723c751e8b465ee728b)  -> (artifact id: '92ff45537fc9d7b9deb061186c781b7f') in 0.024036 seconds
  Import took 0.028377 seconds .

========================================================================
Received Import Request.
  Time since last request: 0.000185 seconds.
  path: Assets/Umer/Residential Buildings Pack/Source/Textures/Walls2_metallic.tif
  artifactKey: Guid(57edfa6747cd9e8478e933ae6c24104b) Importer(815301076,1909f56bfc062723c751e8b465ee728b)
Start importing Assets/Umer/Residential Buildings Pack/Source/Textures/Walls2_metallic.tif using Guid(57edfa6747cd9e8478e933ae6c24104b) Importer(815301076,1909f56bfc062723c751e8b465ee728b)  -> (artifact id: '4ae818d242d4d4e2bedc1ae4e53c6a49') in 0.022457 seconds
  Import took 0.027247 seconds .

========================================================================
Received Import Request.
  Time since last request: 0.000257 seconds.
  path: Assets/Umer/Extreme Home Furniture/Textures/T_Home_Garden_wood_board3_NMLtga.tga
  artifactKey: Guid(92984964e3690894a87447ede6bff532) Importer(815301076,1909f56bfc062723c751e8b465ee728b)
Start importing Assets/Umer/Extreme Home Furniture/Textures/T_Home_Garden_wood_board3_NMLtga.tga using Guid(92984964e3690894a87447ede6bff532) Importer(815301076,1909f56bfc062723c751e8b465ee728b)  -> (artifact id: '90895a5a5891d550533c209a92c0444e') in 0.005703 seconds
  Import took 0.009461 seconds .

========================================================================
Received Import Request.
  Time since last request: 0.000224 seconds.
  path: Assets/Umer/Models/stylized-wooden-table/textures/tabletop_albedo.png
  artifactKey: Guid(88c993aed4a693c4693d7826342dad4a) Importer(815301076,1909f56bfc062723c751e8b465ee728b)
Start importing Assets/Umer/Models/stylized-wooden-table/textures/tabletop_albedo.png using Guid(88c993aed4a693c4693d7826342dad4a) Importer(815301076,1909f56bfc062723c751e8b465ee728b)  -> (artifact id: 'c8b9ba48378288f36ebedcf504152f37') in 0.006543 seconds
  Import took 0.010306 seconds .

========================================================================
Received Import Request.
  Time since last request: 0.000293 seconds.
  path: Assets/Umer/NEW MODELS AND TEXTRS/Tomato Plant/Tomat_Leaf.png
  artifactKey: Guid(315861e333991634f8312f0ffdb0ce96) Importer(815301076,1909f56bfc062723c751e8b465ee728b)
Start importing Assets/Umer/NEW MODELS AND TEXTRS/Tomato Plant/Tomat_Leaf.png using Guid(315861e333991634f8312f0ffdb0ce96) Importer(815301076,1909f56bfc062723c751e8b465ee728b)  -> (artifact id: '00b70179bbadcf032249faef9cbe9b98') in 0.008391 seconds
  Import took 0.012456 seconds .

========================================================================
Received Import Request.
  Time since last request: 0.000239 seconds.
  path: Assets/Umer/Residential Buildings Pack/Source/Textures/Trashcans_AO.png
  artifactKey: Guid(7f4c51951d03afc43a393b9b0a964789) Importer(815301076,1909f56bfc062723c751e8b465ee728b)
Start importing Assets/Umer/Residential Buildings Pack/Source/Textures/Trashcans_AO.png using Guid(7f4c51951d03afc43a393b9b0a964789) Importer(815301076,1909f56bfc062723c751e8b465ee728b)  -> (artifact id: '96ce0a8afe80e77912e8b1729770ab5f') in 0.018560 seconds
  Import took 0.022913 seconds .

========================================================================
Received Import Request.
  Time since last request: 0.000230 seconds.
  path: Assets/Umer/Extreme Home Furniture/Textures/T_Home_Garden_Concrete_Green_NML.tga
  artifactKey: Guid(7d9594daa00664e4aad2dc1aac933b01) Importer(815301076,1909f56bfc062723c751e8b465ee728b)
Start importing Assets/Umer/Extreme Home Furniture/Textures/T_Home_Garden_Concrete_Green_NML.tga using Guid(7d9594daa00664e4aad2dc1aac933b01) Importer(815301076,1909f56bfc062723c751e8b465ee728b)  -> (artifact id: '4a7e7564057e3d8e5843dbb72dbec1d5') in 0.006388 seconds
  Import took 0.010091 seconds .

========================================================================
Received Import Request.
  Time since last request: 0.000261 seconds.
  path: Assets/Umer/Extreme Home Furniture/Textures/T_Home_Garden_chain_NML.tga
  artifactKey: Guid(e79a0f40b3651f147afe6b4e27ec4910) Importer(815301076,1909f56bfc062723c751e8b465ee728b)
Start importing Assets/Umer/Extreme Home Furniture/Textures/T_Home_Garden_chain_NML.tga using Guid(e79a0f40b3651f147afe6b4e27ec4910) Importer(815301076,1909f56bfc062723c751e8b465ee728b)  -> (artifact id: '2b938c7b50afda6ad43599ae2b7dbd53') in 0.005582 seconds
  Import took 0.009674 seconds .

========================================================================
Received Import Request.
  Time since last request: 0.000314 seconds.
  path: Assets/Umer/Extreme Home Furniture/Textures/T_Home_Garden_Leather_Couch_NML.tga
  artifactKey: Guid(df0fff6ccbb0a7041ace2b50a720dcf4) Importer(815301076,1909f56bfc062723c751e8b465ee728b)
Start importing Assets/Umer/Extreme Home Furniture/Textures/T_Home_Garden_Leather_Couch_NML.tga using Guid(df0fff6ccbb0a7041ace2b50a720dcf4) Importer(815301076,1909f56bfc062723c751e8b465ee728b)  -> (artifact id: 'ea78e348e58394479b633832ebcebf5e') in 0.007589 seconds
  Import took 0.011570 seconds .

========================================================================
Received Import Request.
  Time since last request: 0.000302 seconds.
  path: Assets/Umer/Residential Buildings Pack/Source/Textures/Walls1_metallic.tif
  artifactKey: Guid(e999b2133b3d7b04d9a55b67e86845fa) Importer(815301076,1909f56bfc062723c751e8b465ee728b)
Start importing Assets/Umer/Residential Buildings Pack/Source/Textures/Walls1_metallic.tif using Guid(e999b2133b3d7b04d9a55b67e86845fa) Importer(815301076,1909f56bfc062723c751e8b465ee728b)  -> (artifact id: '75a4016233c2288ab72484295a8db2ce') in 0.025388 seconds
  Import took 0.030471 seconds .

========================================================================
Received Import Request.
  Time since last request: 19.258339 seconds.
  path: Assets/Textures/water.png
  artifactKey: Guid(8e5bd4f7df4661645a441f7339f26b25) Importer(815301076,1909f56bfc062723c751e8b465ee728b)
Start importing Assets/Textures/water.png using Guid(8e5bd4f7df4661645a441f7339f26b25) Importer(815301076,1909f56bfc062723c751e8b465ee728b)  -> (artifact id: '971cca76d3433030e872891ed67b1775') in 0.016295 seconds
  Import took 0.019973 seconds .

========================================================================
Received Import Request.
  Time since last request: 0.000748 seconds.
  path: Assets/Textures/water.png
  artifactKey: Guid(8e5bd4f7df4661645a441f7339f26b25) Importer(815301076,1909f56bfc062723c751e8b465ee728b)
Start importing Assets/Textures/water.png using Guid(8e5bd4f7df4661645a441f7339f26b25) Importer(815301076,1909f56bfc062723c751e8b465ee728b)  -> (artifact id: '971cca76d3433030e872891ed67b1775') in 0.007516 seconds
  Import took 0.011420 seconds .

========================================================================
Received Import Request.
  Time since last request: 450.306353 seconds.
  path: Assets/Material/Water.mat
  artifactKey: Guid(10b66a4e086ff4749a8eafc9b350afb4) Importer(815301076,1909f56bfc062723c751e8b465ee728b)
Start importing Assets/Material/Water.mat using Guid(10b66a4e086ff4749a8eafc9b350afb4) Importer(815301076,1909f56bfc062723c751e8b465ee728b)  -> (artifact id: '15826efd201cf1049221bf3ca752deb6') in 0.019301 seconds
  Import took 0.023750 seconds .

========================================================================
Received Import Request.
  Time since last request: 148.174116 seconds.
  path: Assets/Umer/Models/water-can/Materials/watering_can_uvs.mat
  artifactKey: Guid(43fde5de6e287be4a84003f41292c3f7) Importer(815301076,1909f56bfc062723c751e8b465ee728b)
Start importing Assets/Umer/Models/water-can/Materials/watering_can_uvs.mat using Guid(43fde5de6e287be4a84003f41292c3f7) Importer(815301076,1909f56bfc062723c751e8b465ee728b)  -> (artifact id: '7b62c3ac92f6b21e769aa7e12ba418b7') in 0.014566 seconds
  Import took 0.018392 seconds .

========================================================================
Received Import Request.
  Time since last request: 0.018051 seconds.
  path: Assets/Umer/Models/water-can/Materials/watering_can_uvs.mat
  artifactKey: Guid(43fde5de6e287be4a84003f41292c3f7) Importer(815301076,1909f56bfc062723c751e8b465ee728b)
Start importing Assets/Umer/Models/water-can/Materials/watering_can_uvs.mat using Guid(43fde5de6e287be4a84003f41292c3f7) Importer(815301076,1909f56bfc062723c751e8b465ee728b)  -> (artifact id: '7b62c3ac92f6b21e769aa7e12ba418b7') in 0.013485 seconds
  Import took 0.017535 seconds .

========================================================================
Received Import Request.
  Time since last request: 180.959623 seconds.
  path: Assets/Textures/water.png
  artifactKey: Guid(8e5bd4f7df4661645a441f7339f26b25) Importer(815301076,1909f56bfc062723c751e8b465ee728b)
Start importing Assets/Textures/water.png using Guid(8e5bd4f7df4661645a441f7339f26b25) Importer(815301076,1909f56bfc062723c751e8b465ee728b)  -> (artifact id: '160a81b3d4dc22d0ab8dddb8252547b8') in 0.009675 seconds
  Import took 0.014166 seconds .

========================================================================
Received Import Request.
  Time since last request: 820.029144 seconds.
  path: Assets/Material/Water.mat
  artifactKey: Guid(10b66a4e086ff4749a8eafc9b350afb4) Importer(815301076,1909f56bfc062723c751e8b465ee728b)
Start importing Assets/Material/Water.mat using Guid(10b66a4e086ff4749a8eafc9b350afb4) Importer(815301076,1909f56bfc062723c751e8b465ee728b)  -> (artifact id: '2e013c101726871b66da036de8f4b9ad') in 0.013973 seconds
  Import took 0.018487 seconds .

========================================================================
Received Import Request.
  Time since last request: 378.740694 seconds.
  path: Assets/Prefabs/Tomato Plant Small 1.prefab
  artifactKey: Guid(6ebaa6bc3cc95c34f9e2eccabad23c98) Importer(815301076,1909f56bfc062723c751e8b465ee728b)
Start importing Assets/Prefabs/Tomato Plant Small 1.prefab using Guid(6ebaa6bc3cc95c34f9e2eccabad23c98) Importer(815301076,1909f56bfc062723c751e8b465ee728b)  -> (artifact id: 'ff1b5b8a0163dc684384bc1ca6d110c3') in 0.026887 seconds
  Import took 0.032118 seconds .

========================================================================
Received Import Request.
  Time since last request: 159.341277 seconds.
  path: Assets/Prefabs/Tomato Plant New/Tomato Plant Small Variant.prefab
  artifactKey: Guid(afb277e1bc12942479148cbf40d4f173) Importer(815301076,1909f56bfc062723c751e8b465ee728b)
Start importing Assets/Prefabs/Tomato Plant New/Tomato Plant Small Variant.prefab using Guid(afb277e1bc12942479148cbf40d4f173) Importer(815301076,1909f56bfc062723c751e8b465ee728b)  -> (artifact id: 'ee4469c363ac084d231607f46b067270') in 0.035793 seconds
  Import took 0.039948 seconds .

========================================================================
Received Import Request.
  Time since last request: 160.020051 seconds.
  path: Assets/Prefabs/Tomato Plant New/Tomato Plant Small Variant.prefab
  artifactKey: Guid(afb277e1bc12942479148cbf40d4f173) Importer(815301076,1909f56bfc062723c751e8b465ee728b)
Start importing Assets/Prefabs/Tomato Plant New/Tomato Plant Small Variant.prefab using Guid(afb277e1bc12942479148cbf40d4f173) Importer(815301076,1909f56bfc062723c751e8b465ee728b)  -> (artifact id: '55f0d56add80b7cf66f2c9a8aa7525da') in 0.020485 seconds
  Import took 0.026138 seconds .

========================================================================
Received Import Request.
  Time since last request: 7.434135 seconds.
  path: Assets/Prefabs/Tomato Plant New/Tomato Plant Small Variant.prefab
  artifactKey: Guid(afb277e1bc12942479148cbf40d4f173) Importer(815301076,1909f56bfc062723c751e8b465ee728b)
Start importing Assets/Prefabs/Tomato Plant New/Tomato Plant Small Variant.prefab using Guid(afb277e1bc12942479148cbf40d4f173) Importer(815301076,1909f56bfc062723c751e8b465ee728b)  -> (artifact id: '4020f06d58d6ffa91fbf47bfb1cf5bb4') in 0.017857 seconds
  Import took 0.021830 seconds .

========================================================================
Received Import Request.
  Time since last request: 1.791031 seconds.
  path: Assets/Prefabs/Tomato Plant New/Tomato Plant Small Variant.prefab
  artifactKey: Guid(afb277e1bc12942479148cbf40d4f173) Importer(815301076,1909f56bfc062723c751e8b465ee728b)
Start importing Assets/Prefabs/Tomato Plant New/Tomato Plant Small Variant.prefab using Guid(afb277e1bc12942479148cbf40d4f173) Importer(815301076,1909f56bfc062723c751e8b465ee728b)  -> (artifact id: 'd3ca8cb8ef2cf7725b1b6df27256ab06') in 0.018746 seconds
  Import took 0.022808 seconds .

========================================================================
Received Import Request.
  Time since last request: 9.472193 seconds.
  path: Assets/Prefabs/Tomato Plant New/Tomato Plant Small Variant.prefab
  artifactKey: Guid(afb277e1bc12942479148cbf40d4f173) Importer(815301076,1909f56bfc062723c751e8b465ee728b)
Start importing Assets/Prefabs/Tomato Plant New/Tomato Plant Small Variant.prefab using Guid(afb277e1bc12942479148cbf40d4f173) Importer(815301076,1909f56bfc062723c751e8b465ee728b)  -> (artifact id: 'fae8cb16e3a9c19a479c94cb108b1978') in 0.020071 seconds
  Import took 0.024666 seconds .

========================================================================
Received Import Request.
  Time since last request: 1.664830 seconds.
  path: Assets/Prefabs/Tomato Plant New/Tomato Plant Small Variant.prefab
  artifactKey: Guid(afb277e1bc12942479148cbf40d4f173) Importer(815301076,1909f56bfc062723c751e8b465ee728b)
Start importing Assets/Prefabs/Tomato Plant New/Tomato Plant Small Variant.prefab using Guid(afb277e1bc12942479148cbf40d4f173) Importer(815301076,1909f56bfc062723c751e8b465ee728b)  -> (artifact id: '90c71aab87209400d392fa70fb6cb1c0') in 0.018655 seconds
  Import took 0.022571 seconds .

========================================================================
Received Import Request.
  Time since last request: 65.981725 seconds.
  path: Assets/Prefabs/Tomato Plant New/Tomato Plant Small Variant.prefab
  artifactKey: Guid(afb277e1bc12942479148cbf40d4f173) Importer(815301076,1909f56bfc062723c751e8b465ee728b)
Start importing Assets/Prefabs/Tomato Plant New/Tomato Plant Small Variant.prefab using Guid(afb277e1bc12942479148cbf40d4f173) Importer(815301076,1909f56bfc062723c751e8b465ee728b)  -> (artifact id: 'f9f32623006fc0fda701000859798cc6') in 0.021522 seconds
  Import took 0.026109 seconds .

========================================================================
Received Import Request.
  Time since last request: 2.422285 seconds.
  path: Assets/Prefabs/Tomato Plant New/Tomato Plant Small Variant.prefab
  artifactKey: Guid(afb277e1bc12942479148cbf40d4f173) Importer(815301076,1909f56bfc062723c751e8b465ee728b)
Start importing Assets/Prefabs/Tomato Plant New/Tomato Plant Small Variant.prefab using Guid(afb277e1bc12942479148cbf40d4f173) Importer(815301076,1909f56bfc062723c751e8b465ee728b)  -> (artifact id: 'bb0d44ff2268d78e11d4dc2f36b82bf9') in 0.020418 seconds
  Import took 0.024501 seconds .

========================================================================
Received Import Request.
  Time since last request: 2.211346 seconds.
  path: Assets/Prefabs/Tomato Plant New/Tomato Plant Small Variant.prefab
  artifactKey: Guid(afb277e1bc12942479148cbf40d4f173) Importer(815301076,1909f56bfc062723c751e8b465ee728b)
Start importing Assets/Prefabs/Tomato Plant New/Tomato Plant Small Variant.prefab using Guid(afb277e1bc12942479148cbf40d4f173) Importer(815301076,1909f56bfc062723c751e8b465ee728b)  -> (artifact id: '81710f11630e71c8efb88a6305fc08ae') in 0.018877 seconds
  Import took 0.022906 seconds .

========================================================================
Received Import Request.
  Time since last request: 0.391800 seconds.
  path: Assets/Prefabs/Tomato Plant New/Tomato Plant Small Variant.prefab
  artifactKey: Guid(afb277e1bc12942479148cbf40d4f173) Importer(815301076,1909f56bfc062723c751e8b465ee728b)
Start importing Assets/Prefabs/Tomato Plant New/Tomato Plant Small Variant.prefab using Guid(afb277e1bc12942479148cbf40d4f173) Importer(815301076,1909f56bfc062723c751e8b465ee728b)  -> (artifact id: 'd3688f14a64bed68fd2f22e6fee43d15') in 0.017579 seconds
  Import took 0.021508 seconds .

========================================================================
Received Import Request.
  Time since last request: 28.674946 seconds.
  path: Assets/Prefabs/Tomato Plant New/Tomato Plant Small Variant.prefab
  artifactKey: Guid(afb277e1bc12942479148cbf40d4f173) Importer(815301076,1909f56bfc062723c751e8b465ee728b)
Start importing Assets/Prefabs/Tomato Plant New/Tomato Plant Small Variant.prefab using Guid(afb277e1bc12942479148cbf40d4f173) Importer(815301076,1909f56bfc062723c751e8b465ee728b)  -> (artifact id: 'e815e8c486a2623a17cab8514a52cb4b') in 0.019370 seconds
  Import took 0.023651 seconds .

========================================================================
Received Import Request.
  Time since last request: 294.373719 seconds.
  path: Assets/NEW MODELS AND TEXTRS/Tomato Plant/Tomato Plant Small 1.FBX
  artifactKey: Guid(1cd1ba31f3b969c439d28ea1cd60979d) Importer(815301076,1909f56bfc062723c751e8b465ee728b)
Start importing Assets/NEW MODELS AND TEXTRS/Tomato Plant/Tomato Plant Small 1.FBX using Guid(1cd1ba31f3b969c439d28ea1cd60979d) Importer(815301076,1909f56bfc062723c751e8b465ee728b)  -> (artifact id: 'bad78238bb2bffee993b79cdfbe11884') in 0.078628 seconds
  Import took 0.083031 seconds .

========================================================================
Received Import Request.
  Time since last request: 585.982783 seconds.
  path: Assets/Prefabs/Tomato Plant New/Tomato Plant Small Variant.prefab
  artifactKey: Guid(afb277e1bc12942479148cbf40d4f173) Importer(815301076,1909f56bfc062723c751e8b465ee728b)
Start importing Assets/Prefabs/Tomato Plant New/Tomato Plant Small Variant.prefab using Guid(afb277e1bc12942479148cbf40d4f173) Importer(815301076,1909f56bfc062723c751e8b465ee728b)  -> (artifact id: '3bbbb5682a3ced4da109b6866095e361') in 0.023014 seconds
  Import took 0.027875 seconds .

========================================================================
Received Import Request.
  Time since last request: 6.012044 seconds.
  path: Assets/Prefabs/Tomato Plant New/Tomato Plant Small Variant.prefab
  artifactKey: Guid(afb277e1bc12942479148cbf40d4f173) Importer(815301076,1909f56bfc062723c751e8b465ee728b)
Start importing Assets/Prefabs/Tomato Plant New/Tomato Plant Small Variant.prefab using Guid(afb277e1bc12942479148cbf40d4f173) Importer(815301076,1909f56bfc062723c751e8b465ee728b)  -> (artifact id: '18043941d042f2fdd97c4ab9009be444') in 0.017547 seconds
  Import took 0.021500 seconds .

========================================================================
Received Import Request.
  Time since last request: 12.673643 seconds.
  path: Assets/Prefabs/Tomato Plant New/Tomato Plant Small Variant.prefab
  artifactKey: Guid(afb277e1bc12942479148cbf40d4f173) Importer(815301076,1909f56bfc062723c751e8b465ee728b)
Start importing Assets/Prefabs/Tomato Plant New/Tomato Plant Small Variant.prefab using Guid(afb277e1bc12942479148cbf40d4f173) Importer(815301076,1909f56bfc062723c751e8b465ee728b)  -> (artifact id: '442e1cdb179960c4edb0d8b865d9ad8b') in 0.023701 seconds
  Import took 0.028285 seconds .

========================================================================
Received Import Request.
  Time since last request: 2.000388 seconds.
  path: Assets/Prefabs/Tomato Plant New/Tomato Plant Small Variant.prefab
  artifactKey: Guid(afb277e1bc12942479148cbf40d4f173) Importer(815301076,1909f56bfc062723c751e8b465ee728b)
Start importing Assets/Prefabs/Tomato Plant New/Tomato Plant Small Variant.prefab using Guid(afb277e1bc12942479148cbf40d4f173) Importer(815301076,1909f56bfc062723c751e8b465ee728b)  -> (artifact id: '599bd584f99a2935bde0395b3cb2c1e4') in 0.027914 seconds
  Import took 0.033740 seconds .

========================================================================
Received Import Request.
  Time since last request: 2.795845 seconds.
  path: Assets/Prefabs/Tomato Plant New/Tomato Plant Small Variant.prefab
  artifactKey: Guid(afb277e1bc12942479148cbf40d4f173) Importer(815301076,1909f56bfc062723c751e8b465ee728b)
Start importing Assets/Prefabs/Tomato Plant New/Tomato Plant Small Variant.prefab using Guid(afb277e1bc12942479148cbf40d4f173) Importer(815301076,1909f56bfc062723c751e8b465ee728b)  -> (artifact id: 'a13d1779e70329f3dac262f0cd3a9cd4') in 0.018274 seconds
  Import took 0.023400 seconds .

========================================================================
Received Import Request.
  Time since last request: 19.582451 seconds.
  path: Assets/Prefabs/Tomato Plant New/Tomato Plant Small Variant.prefab
  artifactKey: Guid(afb277e1bc12942479148cbf40d4f173) Importer(815301076,1909f56bfc062723c751e8b465ee728b)
Start importing Assets/Prefabs/Tomato Plant New/Tomato Plant Small Variant.prefab using Guid(afb277e1bc12942479148cbf40d4f173) Importer(815301076,1909f56bfc062723c751e8b465ee728b)  -> (artifact id: '1e901e37c81deb990ce3cfd274b4bcec') in 0.020329 seconds
  Import took 0.024639 seconds .

========================================================================
Received Import Request.
  Time since last request: 8.045722 seconds.
  path: Assets/Prefabs/Tomato Plant New/Tomato Plant Small Variant.prefab
  artifactKey: Guid(afb277e1bc12942479148cbf40d4f173) Importer(815301076,1909f56bfc062723c751e8b465ee728b)
Start importing Assets/Prefabs/Tomato Plant New/Tomato Plant Small Variant.prefab using Guid(afb277e1bc12942479148cbf40d4f173) Importer(815301076,1909f56bfc062723c751e8b465ee728b)  -> (artifact id: '378fbeba647e63ce0f142abc29d5fd7d') in 0.018561 seconds
  Import took 0.022615 seconds .

========================================================================
Received Import Request.
  Time since last request: 3.213673 seconds.
  path: Assets/Prefabs/Tomato Plant New/Tomato Plant Small Variant.prefab
  artifactKey: Guid(afb277e1bc12942479148cbf40d4f173) Importer(815301076,1909f56bfc062723c751e8b465ee728b)
Start importing Assets/Prefabs/Tomato Plant New/Tomato Plant Small Variant.prefab using Guid(afb277e1bc12942479148cbf40d4f173) Importer(815301076,1909f56bfc062723c751e8b465ee728b)  -> (artifact id: 'bbda43c62438a4baad06330f4c887a7d') in 0.017776 seconds
  Import took 0.021969 seconds .

========================================================================
Received Import Request.
  Time since last request: 441.844935 seconds.
  path: Assets/Prefabs/Tomato Plant New/Tomato Plant Small Variant.prefab
  artifactKey: Guid(afb277e1bc12942479148cbf40d4f173) Importer(815301076,1909f56bfc062723c751e8b465ee728b)
Start importing Assets/Prefabs/Tomato Plant New/Tomato Plant Small Variant.prefab using Guid(afb277e1bc12942479148cbf40d4f173) Importer(815301076,1909f56bfc062723c751e8b465ee728b)  -> (artifact id: '30dbe098f19925fe951860dccf44d371') in 0.015462 seconds
  Import took 0.020200 seconds .

========================================================================
Received Prepare
Registering precompiled user dll's ...
Registered in 0.000938 seconds.
Begin MonoManager ReloadAssembly
Native extension for WindowsStandalone target not found
Refreshing native plugins compatible for Editor in 0.42 ms, found 0 plugins.
Preloading 0 native plugins for Editor in 0.00 ms.
Invoked RoslynAnalysisRunner static constructor.
RoslynAnalysisRunner will not be running.
RoslynAnalysisRunner has terminated.
Mono: successfully reloaded assembly
- Completed reload, in  0.971 seconds
Platform modules already initialized, skipping
Shader 'Universal Render Pipeline/Particles/Lit': fallback shader 'Universal Render Pipeline/Particles/SimpleLit' not found
Refreshing native plugins compatible for Editor in 0.40 ms, found 0 plugins.
Preloading 0 native plugins for Editor in 0.00 ms.
Unloading 2447 Unused Serialized files (Serialized files now loaded: 0)
System memory in use before: 147.8 MB.
System memory in use after: 146.9 MB.

Unloading 13 unused Assets to reduce memory usage. Loaded Objects now: 3189.
Total: 2.722200 ms (FindLiveObjects: 0.263700 ms CreateObjectMapping: 0.120200 ms MarkObjects: 1.910500 ms  DeleteObjects: 0.427000 ms)

========================================================================
Received Import Request.
  Time since last request: 7.893712 seconds.
  path: Assets/Prefabs/Tomato Plant New/Tomato Plant Small Variant.prefab
  artifactKey: Guid(afb277e1bc12942479148cbf40d4f173) Importer(815301076,1909f56bfc062723c751e8b465ee728b)
Start importing Assets/Prefabs/Tomato Plant New/Tomato Plant Small Variant.prefab using Guid(afb277e1bc12942479148cbf40d4f173) Importer(815301076,1909f56bfc062723c751e8b465ee728b)  -> (artifact id: '57065006056621e7d3c21a10c5d7cd2a') in 0.026517 seconds
  Import took 0.030922 seconds .

========================================================================
Received Import Request.
  Time since last request: 1.108797 seconds.
  path: Assets/Prefabs/Tomato Plant New/Tomato Plant Small Variant.prefab
  artifactKey: Guid(afb277e1bc12942479148cbf40d4f173) Importer(815301076,1909f56bfc062723c751e8b465ee728b)
Start importing Assets/Prefabs/Tomato Plant New/Tomato Plant Small Variant.prefab using Guid(afb277e1bc12942479148cbf40d4f173) Importer(815301076,1909f56bfc062723c751e8b465ee728b)  -> (artifact id: '57065006056621e7d3c21a10c5d7cd2a') in 0.004174 seconds
  Import took 0.008059 seconds .

========================================================================
Received Import Request.
  Time since last request: 106.527477 seconds.
  path: Assets/Scripts/TomatoPlant/TomatoLeaves.cs
  artifactKey: Guid(d320de280c122ed478a5c85097b925b8) Importer(815301076,1909f56bfc062723c751e8b465ee728b)
Start importing Assets/Scripts/TomatoPlant/TomatoLeaves.cs using Guid(d320de280c122ed478a5c85097b925b8) Importer(815301076,1909f56bfc062723c751e8b465ee728b)  -> (artifact id: '86fb17a98bf0ddf48e53d53c9b18011a') in 0.009810 seconds
  Import took 0.013578 seconds .

========================================================================
Received Prepare
Registering precompiled user dll's ...
Registered in 0.001001 seconds.
Begin MonoManager ReloadAssembly
Native extension for WindowsStandalone target not found
Refreshing native plugins compatible for Editor in 0.41 ms, found 0 plugins.
Preloading 0 native plugins for Editor in 0.00 ms.
Invoked RoslynAnalysisRunner static constructor.
RoslynAnalysisRunner will not be running.
RoslynAnalysisRunner has terminated.
Mono: successfully reloaded assembly
- Completed reload, in  0.849 seconds
Platform modules already initialized, skipping
Shader 'Universal Render Pipeline/Particles/Lit': fallback shader 'Universal Render Pipeline/Particles/SimpleLit' not found
Refreshing native plugins compatible for Editor in 0.41 ms, found 0 plugins.
Preloading 0 native plugins for Editor in 0.00 ms.
Unloading 2441 Unused Serialized files (Serialized files now loaded: 0)
System memory in use before: 147.4 MB.
System memory in use after: 146.6 MB.

Unloading 13 unused Assets to reduce memory usage. Loaded Objects now: 3192.
Total: 4.126300 ms (FindLiveObjects: 0.376100 ms CreateObjectMapping: 0.178700 ms MarkObjects: 2.883400 ms  DeleteObjects: 0.685800 ms)

========================================================================
Received Import Request.
  Time since last request: 85.418418 seconds.
  path: Assets/Scripts/TomatoPlant/TomatoLeaves.cs
  artifactKey: Guid(d320de280c122ed478a5c85097b925b8) Importer(815301076,1909f56bfc062723c751e8b465ee728b)
Start importing Assets/Scripts/TomatoPlant/TomatoLeaves.cs using Guid(d320de280c122ed478a5c85097b925b8) Importer(815301076,1909f56bfc062723c751e8b465ee728b)  -> (artifact id: '6747f1ca1679706c0a556de991c7c69d') in 0.003753 seconds
  Import took 0.007413 seconds .

========================================================================
Received Import Request.
  Time since last request: 3.683204 seconds.
  path: Assets/Prefabs/Tomato Plant New/Tomato Plant Small Variant.prefab
  artifactKey: Guid(afb277e1bc12942479148cbf40d4f173) Importer(815301076,1909f56bfc062723c751e8b465ee728b)
Start importing Assets/Prefabs/Tomato Plant New/Tomato Plant Small Variant.prefab using Guid(afb277e1bc12942479148cbf40d4f173) Importer(815301076,1909f56bfc062723c751e8b465ee728b)  -> (artifact id: '32415c6a442b9e931de0d3ab2b8c12fd') in 0.047159 seconds
  Import took 0.051009 seconds .

========================================================================
Received Import Request.
  Time since last request: 13.652047 seconds.
  path: Assets/Prefabs/Tomato Plant New/Tomato Plant Small Variant.prefab
  artifactKey: Guid(afb277e1bc12942479148cbf40d4f173) Importer(815301076,1909f56bfc062723c751e8b465ee728b)
Start importing Assets/Prefabs/Tomato Plant New/Tomato Plant Small Variant.prefab using Guid(afb277e1bc12942479148cbf40d4f173) Importer(815301076,1909f56bfc062723c751e8b465ee728b)  -> (artifact id: '5bd92580bc3f8b7bc7c3865a531a5b64') in 0.008673 seconds
  Import took 0.013064 seconds .

========================================================================
Received Import Request.
  Time since last request: 6.427577 seconds.
  path: Assets/Prefabs/Tomato Plant New/Tomato Plant Small Variant.prefab
  artifactKey: Guid(afb277e1bc12942479148cbf40d4f173) Importer(815301076,1909f56bfc062723c751e8b465ee728b)
Start importing Assets/Prefabs/Tomato Plant New/Tomato Plant Small Variant.prefab using Guid(afb277e1bc12942479148cbf40d4f173) Importer(815301076,1909f56bfc062723c751e8b465ee728b)  -> (artifact id: '74b18ee1562c88c7452a276ca2355597') in 0.008182 seconds
  Import took 0.012405 seconds .

========================================================================
Received Import Request.
  Time since last request: 2.824721 seconds.
  path: Assets/Prefabs/Tomato Plant New/Tomato Plant Small Variant.prefab
  artifactKey: Guid(afb277e1bc12942479148cbf40d4f173) Importer(815301076,1909f56bfc062723c751e8b465ee728b)
Start importing Assets/Prefabs/Tomato Plant New/Tomato Plant Small Variant.prefab using Guid(afb277e1bc12942479148cbf40d4f173) Importer(815301076,1909f56bfc062723c751e8b465ee728b)  -> (artifact id: 'bc3491717f4878071376dfcec3f3ba29') in 0.007998 seconds
  Import took 0.012894 seconds .

========================================================================
Received Import Request.
  Time since last request: 3.438679 seconds.
  path: Assets/Prefabs/Tomato Plant New/Tomato Plant Small Variant.prefab
  artifactKey: Guid(afb277e1bc12942479148cbf40d4f173) Importer(815301076,1909f56bfc062723c751e8b465ee728b)
Start importing Assets/Prefabs/Tomato Plant New/Tomato Plant Small Variant.prefab using Guid(afb277e1bc12942479148cbf40d4f173) Importer(815301076,1909f56bfc062723c751e8b465ee728b)  -> (artifact id: '54ac9992f3886e1dbf9b240a1d80dc3f') in 0.008729 seconds
  Import took 0.013282 seconds .

========================================================================
Received Import Request.
  Time since last request: 3.626748 seconds.
  path: Assets/Prefabs/Tomato Plant New/Tomato Plant Small Variant.prefab
  artifactKey: Guid(afb277e1bc12942479148cbf40d4f173) Importer(815301076,1909f56bfc062723c751e8b465ee728b)
Start importing Assets/Prefabs/Tomato Plant New/Tomato Plant Small Variant.prefab using Guid(afb277e1bc12942479148cbf40d4f173) Importer(815301076,1909f56bfc062723c751e8b465ee728b)  -> (artifact id: '5178bfc38ffaaac2febabb9457f04ef3') in 0.007742 seconds
  Import took 0.011814 seconds .

========================================================================
Received Import Request.
  Time since last request: 3.423945 seconds.
  path: Assets/Prefabs/Tomato Plant New/Tomato Plant Small Variant.prefab
  artifactKey: Guid(afb277e1bc12942479148cbf40d4f173) Importer(815301076,1909f56bfc062723c751e8b465ee728b)
Start importing Assets/Prefabs/Tomato Plant New/Tomato Plant Small Variant.prefab using Guid(afb277e1bc12942479148cbf40d4f173) Importer(815301076,1909f56bfc062723c751e8b465ee728b)  -> (artifact id: 'ddc642cc436c0fe1b7cf18a788bef8db') in 0.008131 seconds
  Import took 0.012745 seconds .

========================================================================
Received Import Request.
  Time since last request: 3.020173 seconds.
  path: Assets/Prefabs/Tomato Plant New/Tomato Plant Small Variant.prefab
  artifactKey: Guid(afb277e1bc12942479148cbf40d4f173) Importer(815301076,1909f56bfc062723c751e8b465ee728b)
Start importing Assets/Prefabs/Tomato Plant New/Tomato Plant Small Variant.prefab using Guid(afb277e1bc12942479148cbf40d4f173) Importer(815301076,1909f56bfc062723c751e8b465ee728b)  -> (artifact id: '3ad2d50ac2d4c6cdaed30517c02e6cf4') in 0.008383 seconds
  Import took 0.012445 seconds .

========================================================================
Received Import Request.
  Time since last request: 2.206560 seconds.
  path: Assets/Prefabs/Tomato Plant New/Tomato Plant Small Variant.prefab
  artifactKey: Guid(afb277e1bc12942479148cbf40d4f173) Importer(815301076,1909f56bfc062723c751e8b465ee728b)
Start importing Assets/Prefabs/Tomato Plant New/Tomato Plant Small Variant.prefab using Guid(afb277e1bc12942479148cbf40d4f173) Importer(815301076,1909f56bfc062723c751e8b465ee728b)  -> (artifact id: 'b25e07b6aa2184eb8dc124bb4a08b971') in 0.008599 seconds
  Import took 0.012716 seconds .

========================================================================
Received Import Request.
  Time since last request: 2.811852 seconds.
  path: Assets/Prefabs/Tomato Plant New/Tomato Plant Small Variant.prefab
  artifactKey: Guid(afb277e1bc12942479148cbf40d4f173) Importer(815301076,1909f56bfc062723c751e8b465ee728b)
Start importing Assets/Prefabs/Tomato Plant New/Tomato Plant Small Variant.prefab using Guid(afb277e1bc12942479148cbf40d4f173) Importer(815301076,1909f56bfc062723c751e8b465ee728b)  -> (artifact id: '181aed10addf31bd2ad68f5d01c58a5b') in 0.007289 seconds
  Import took 0.011550 seconds .

========================================================================
Received Import Request.
  Time since last request: 3.830375 seconds.
  path: Assets/Prefabs/Tomato Plant New/Tomato Plant Small Variant.prefab
  artifactKey: Guid(afb277e1bc12942479148cbf40d4f173) Importer(815301076,1909f56bfc062723c751e8b465ee728b)
Start importing Assets/Prefabs/Tomato Plant New/Tomato Plant Small Variant.prefab using Guid(afb277e1bc12942479148cbf40d4f173) Importer(815301076,1909f56bfc062723c751e8b465ee728b)  -> (artifact id: '5eba808731bbf4993b2c8d1795c7c80f') in 0.008202 seconds
  Import took 0.012720 seconds .

========================================================================
Received Import Request.
  Time since last request: 2.812863 seconds.
  path: Assets/Prefabs/Tomato Plant New/Tomato Plant Small Variant.prefab
  artifactKey: Guid(afb277e1bc12942479148cbf40d4f173) Importer(815301076,1909f56bfc062723c751e8b465ee728b)
Start importing Assets/Prefabs/Tomato Plant New/Tomato Plant Small Variant.prefab using Guid(afb277e1bc12942479148cbf40d4f173) Importer(815301076,1909f56bfc062723c751e8b465ee728b)  -> (artifact id: '94bcd03d88c907075c7566a141d09791') in 0.007516 seconds
  Import took 0.011676 seconds .

========================================================================
Received Import Request.
  Time since last request: 9.677535 seconds.
  path: Assets/Prefabs/Tomato Plant New/Tomato Plant Small Variant.prefab
  artifactKey: Guid(afb277e1bc12942479148cbf40d4f173) Importer(815301076,1909f56bfc062723c751e8b465ee728b)
Start importing Assets/Prefabs/Tomato Plant New/Tomato Plant Small Variant.prefab using Guid(afb277e1bc12942479148cbf40d4f173) Importer(815301076,1909f56bfc062723c751e8b465ee728b)  -> (artifact id: '5c08f05cc3f550c31f3c8836ebe2a241') in 0.008583 seconds
  Import took 0.012720 seconds .

========================================================================
Received Import Request.
  Time since last request: 3.236908 seconds.
  path: Assets/Prefabs/Tomato Plant New/Tomato Plant Small Variant.prefab
  artifactKey: Guid(afb277e1bc12942479148cbf40d4f173) Importer(815301076,1909f56bfc062723c751e8b465ee728b)
Start importing Assets/Prefabs/Tomato Plant New/Tomato Plant Small Variant.prefab using Guid(afb277e1bc12942479148cbf40d4f173) Importer(815301076,1909f56bfc062723c751e8b465ee728b)  -> (artifact id: '122e05ee10366dbba74de83a51c43efd') in 0.008101 seconds
  Import took 0.012079 seconds .

========================================================================
Received Import Request.
  Time since last request: 4.251640 seconds.
  path: Assets/Prefabs/Tomato Plant New/Tomato Plant Small Variant.prefab
  artifactKey: Guid(afb277e1bc12942479148cbf40d4f173) Importer(815301076,1909f56bfc062723c751e8b465ee728b)
Start importing Assets/Prefabs/Tomato Plant New/Tomato Plant Small Variant.prefab using Guid(afb277e1bc12942479148cbf40d4f173) Importer(815301076,1909f56bfc062723c751e8b465ee728b)  -> (artifact id: '1bf5b4a300be83ebb5fb5aef1c7322ac') in 0.006892 seconds
  Import took 0.011569 seconds .

========================================================================
Received Prepare
Registering precompiled user dll's ...
Registered in 0.000932 seconds.
Begin MonoManager ReloadAssembly
Native extension for WindowsStandalone target not found
Refreshing native plugins compatible for Editor in 0.49 ms, found 0 plugins.
Preloading 0 native plugins for Editor in 0.00 ms.
Invoked RoslynAnalysisRunner static constructor.
RoslynAnalysisRunner will not be running.
RoslynAnalysisRunner has terminated.
Mono: successfully reloaded assembly
- Completed reload, in  0.847 seconds
Platform modules already initialized, skipping
Shader 'Universal Render Pipeline/Particles/Lit': fallback shader 'Universal Render Pipeline/Particles/SimpleLit' not found
Refreshing native plugins compatible for Editor in 0.44 ms, found 0 plugins.
Preloading 0 native plugins for Editor in 0.00 ms.
Unloading 2441 Unused Serialized files (Serialized files now loaded: 0)
System memory in use before: 147.5 MB.
System memory in use after: 146.6 MB.

Unloading 13 unused Assets to reduce memory usage. Loaded Objects now: 3195.
Total: 3.075000 ms (FindLiveObjects: 0.320700 ms CreateObjectMapping: 0.156800 ms MarkObjects: 2.096800 ms  DeleteObjects: 0.499400 ms)

========================================================================
Received Import Request.
  Time since last request: 23.093160 seconds.
  path: Assets/Prefabs/Tomato Plant New/Tomato Plant Small Variant.prefab
  artifactKey: Guid(afb277e1bc12942479148cbf40d4f173) Importer(815301076,1909f56bfc062723c751e8b465ee728b)
Start importing Assets/Prefabs/Tomato Plant New/Tomato Plant Small Variant.prefab using Guid(afb277e1bc12942479148cbf40d4f173) Importer(815301076,1909f56bfc062723c751e8b465ee728b)  -> (artifact id: '799f579645bde88676271ad406114c83') in 0.027020 seconds
  Import took 0.031586 seconds .

========================================================================
Received Import Request.
  Time since last request: 1.143106 seconds.
  path: Assets/Prefabs/Tomato Plant New/Tomato Plant Small Variant.prefab
  artifactKey: Guid(afb277e1bc12942479148cbf40d4f173) Importer(815301076,1909f56bfc062723c751e8b465ee728b)
Start importing Assets/Prefabs/Tomato Plant New/Tomato Plant Small Variant.prefab using Guid(afb277e1bc12942479148cbf40d4f173) Importer(815301076,1909f56bfc062723c751e8b465ee728b)  -> (artifact id: '799f579645bde88676271ad406114c83') in 0.004143 seconds
  Import took 0.008075 seconds .

========================================================================
Received Prepare
Registering precompiled user dll's ...
Registered in 0.000949 seconds.
Begin MonoManager ReloadAssembly
Native extension for WindowsStandalone target not found
Refreshing native plugins compatible for Editor in 0.43 ms, found 0 plugins.
Preloading 0 native plugins for Editor in 0.00 ms.
Invoked RoslynAnalysisRunner static constructor.
RoslynAnalysisRunner will not be running.
RoslynAnalysisRunner has terminated.
Mono: successfully reloaded assembly
- Completed reload, in  0.826 seconds
Platform modules already initialized, skipping
Shader 'Universal Render Pipeline/Particles/Lit': fallback shader 'Universal Render Pipeline/Particles/SimpleLit' not found
Refreshing native plugins compatible for Editor in 0.42 ms, found 0 plugins.
Preloading 0 native plugins for Editor in 0.00 ms.
Unloading 2441 Unused Serialized files (Serialized files now loaded: 0)
System memory in use before: 147.5 MB.
System memory in use after: 146.7 MB.

Unloading 13 unused Assets to reduce memory usage. Loaded Objects now: 3198.
Total: 2.559600 ms (FindLiveObjects: 0.255600 ms CreateObjectMapping: 0.112900 ms MarkObjects: 1.722700 ms  DeleteObjects: 0.467200 ms)

========================================================================
Received Import Request.
  Time since last request: 604.002455 seconds.
  path: Assets/Scenes/SampleScene.unity
  artifactKey: Guid(9fc0d4010bbf28b4594072e72b8655ab) Importer(815301076,1909f56bfc062723c751e8b465ee728b)
Start importing Assets/Scenes/SampleScene.unity using Guid(9fc0d4010bbf28b4594072e72b8655ab) Importer(815301076,1909f56bfc062723c751e8b465ee728b)  -> (artifact id: '508d1fa32210fd502301231113806554') in 0.031539 seconds
  Import took 0.035289 seconds .

========================================================================
Received Import Request.
  Time since last request: 22.938222 seconds.
  path: Assets/Material/Stem.mat
  artifactKey: Guid(ca2ccaca1c2396349b509ab28b0e675e) Importer(815301076,1909f56bfc062723c751e8b465ee728b)
Start importing Assets/Material/Stem.mat using Guid(ca2ccaca1c2396349b509ab28b0e675e) Importer(815301076,1909f56bfc062723c751e8b465ee728b)  -> (artifact id: '01175439af296ae9431defd0867eb054') in 0.139267 seconds
  Import took 0.143116 seconds .

========================================================================
Received Import Request.
  Time since last request: 86.277364 seconds.
  path: Assets/Material/Water.mat
  artifactKey: Guid(10b66a4e086ff4749a8eafc9b350afb4) Importer(815301076,1909f56bfc062723c751e8b465ee728b)
Start importing Assets/Material/Water.mat using Guid(10b66a4e086ff4749a8eafc9b350afb4) Importer(815301076,1909f56bfc062723c751e8b465ee728b)  -> (artifact id: '4e9e3dd0b987acea8d129acb5b852308') in 0.011011 seconds
  Import took 0.014978 seconds .

========================================================================
Received Import Request.
  Time since last request: 0.002773 seconds.
  path: Assets/Material/Water.mat
  artifactKey: Guid(10b66a4e086ff4749a8eafc9b350afb4) Importer(815301076,1909f56bfc062723c751e8b465ee728b)
Start importing Assets/Material/Water.mat using Guid(10b66a4e086ff4749a8eafc9b350afb4) Importer(815301076,1909f56bfc062723c751e8b465ee728b)  -> (artifact id: '4e9e3dd0b987acea8d129acb5b852308') in 0.008292 seconds
  Import took 0.012311 seconds .

========================================================================
Received Import Request.
  Time since last request: 1994.847568 seconds.
  path: Assets/Prefabs/Effects
  artifactKey: Guid(309b37971739351498121c2da9191c2a) Importer(815301076,1909f56bfc062723c751e8b465ee728b)
Start importing Assets/Prefabs/Effects using Guid(309b37971739351498121c2da9191c2a) Importer(815301076,1909f56bfc062723c751e8b465ee728b)  -> (artifact id: 'ecce135e7c7a414bff5ea1fba77877ec') in 0.001767 seconds
  Import took 0.006861 seconds .

========================================================================
Received Import Request.
  Time since last request: 3.355455 seconds.
  path: Assets/Prefabs/Effects/Flowing Water.prefab
  artifactKey: Guid(a41fbf76decfd5649a09302c01cfb715) Importer(815301076,1909f56bfc062723c751e8b465ee728b)
Start importing Assets/Prefabs/Effects/Flowing Water.prefab using Guid(a41fbf76decfd5649a09302c01cfb715) Importer(815301076,1909f56bfc062723c751e8b465ee728b)  -> (artifact id: 'de27d263271243f1c7f3a9066b61f2ed') in 0.012204 seconds
  Import took 0.015960 seconds .

========================================================================
Received Import Request.
  Time since last request: 0.020249 seconds.
  path: Assets/Prefabs/Effects/Flowing Water.prefab
  artifactKey: Guid(a41fbf76decfd5649a09302c01cfb715) Importer(815301076,1909f56bfc062723c751e8b465ee728b)
Start importing Assets/Prefabs/Effects/Flowing Water.prefab using Guid(a41fbf76decfd5649a09302c01cfb715) Importer(815301076,1909f56bfc062723c751e8b465ee728b)  -> (artifact id: 'de27d263271243f1c7f3a9066b61f2ed') in 0.002764 seconds
  Import took 0.006710 seconds .

========================================================================
Received Import Request.
  Time since last request: 1.675439 seconds.
  path: Assets/Prefabs/Effects/Water Splash.prefab
  artifactKey: Guid(d5bc98726e542f84eb4752974de02609) Importer(815301076,1909f56bfc062723c751e8b465ee728b)
Start importing Assets/Prefabs/Effects/Water Splash.prefab using Guid(d5bc98726e542f84eb4752974de02609) Importer(815301076,1909f56bfc062723c751e8b465ee728b)  -> (artifact id: '428fe665b7098f3d8819907c06e978c9') in 0.005421 seconds
  Import took 0.009161 seconds .

========================================================================
Received Import Request.
  Time since last request: 0.021150 seconds.
  path: Assets/Prefabs/Effects/Water Splash.prefab
  artifactKey: Guid(d5bc98726e542f84eb4752974de02609) Importer(815301076,1909f56bfc062723c751e8b465ee728b)
Start importing Assets/Prefabs/Effects/Water Splash.prefab using Guid(d5bc98726e542f84eb4752974de02609) Importer(815301076,1909f56bfc062723c751e8b465ee728b)  -> (artifact id: '428fe665b7098f3d8819907c06e978c9') in 0.003024 seconds
  Import took 0.006846 seconds .

========================================================================
Received Import Request.
  Time since last request: 4.569883 seconds.
  path: Assets/Umer/Scene - City.unity
  artifactKey: Guid(10661f663ff4fc946b3354c63897ebe2) Importer(815301076,1909f56bfc062723c751e8b465ee728b)
Start importing Assets/Umer/Scene - City.unity using Guid(10661f663ff4fc946b3354c63897ebe2) Importer(815301076,1909f56bfc062723c751e8b465ee728b)  -> (artifact id: '0d5faa4d7db56c4da1c14143ccb5a240') in 0.001576 seconds
  Import took 0.005575 seconds .

========================================================================
Received Prepare
Registering precompiled user dll's ...
Registered in 0.001128 seconds.
Begin MonoManager ReloadAssembly
Native extension for WindowsStandalone target not found
Refreshing native plugins compatible for Editor in 0.45 ms, found 0 plugins.
Preloading 0 native plugins for Editor in 0.00 ms.
Invoked RoslynAnalysisRunner static constructor.
RoslynAnalysisRunner will not be running.
RoslynAnalysisRunner has terminated.
Mono: successfully reloaded assembly
- Completed reload, in  0.888 seconds
Platform modules already initialized, skipping
Shader 'Universal Render Pipeline/Particles/Lit': fallback shader 'Universal Render Pipeline/Particles/SimpleLit' not found
Refreshing native plugins compatible for Editor in 0.41 ms, found 0 plugins.
Preloading 0 native plugins for Editor in 0.00 ms.
Unloading 2441 Unused Serialized files (Serialized files now loaded: 0)
System memory in use before: 147.6 MB.
System memory in use after: 146.7 MB.

Unloading 13 unused Assets to reduce memory usage. Loaded Objects now: 3237.
Total: 2.828700 ms (FindLiveObjects: 0.280800 ms CreateObjectMapping: 0.118600 ms MarkObjects: 1.931200 ms  DeleteObjects: 0.496500 ms)

========================================================================
Received Import Request.
  Time since last request: 1023.162514 seconds.
  path: Assets/NEW MODELS AND TEXTRS/Tomato Plant/TomatoPlant_new.prefab
  artifactKey: Guid(57b18fb75d924b743b9a961f8254b1a4) Importer(815301076,1909f56bfc062723c751e8b465ee728b)
Start importing Assets/NEW MODELS AND TEXTRS/Tomato Plant/TomatoPlant_new.prefab using Guid(57b18fb75d924b743b9a961f8254b1a4) Importer(815301076,1909f56bfc062723c751e8b465ee728b)  -> (artifact id: '231ab0f13335aa1e3a4b6eaee3644304') in 0.062126 seconds
  Import took 0.066811 seconds .

AssetImportWorkerClient::OnTransportError - code=2 error=End of file
